[01m[K/home/tamar/RBE594_ws/src/Universal_Robots_ROS2_Driver/ur_controllers/src/scaled_joint_trajectory_controller.cpp:[m[K In member function â€˜[01m[Kvirtual controller_interface::return_type ur_controllers::ScaledJointTrajectoryController::update(const rclcpp::Time&, const rclcpp::Duration&)[m[Kâ€™:
[01m[K/home/tamar/RBE594_ws/src/Universal_Robots_ROS2_Driver/ur_controllers/src/scaled_joint_trajectory_controller.cpp:8:27:[m[K [01;31m[Kerror: [m[Kâ€˜[01m[Kexternal_command_[m[Kâ€™ was not declared in this scope
    8 |   auto new_external_msg = [01;31m[Kexternal_command_[m[K.readFromRT();
      |                           [01;31m[K^~~~~~~~~~~~~~~~~[m[K
[01m[K/home/tamar/RBE594_ws/src/Universal_Robots_ROS2_Driver/ur_controllers/src/scaled_joint_trajectory_controller.cpp:12:29:[m[K [01;31m[Kerror: [m[Kâ€˜[01m[K_external_msg[m[Kâ€™ was not declared in this scope
   12 |   if ((*new_external_msg != [01;31m[K_external_msg[m[K) && (*rt_has_pending_goal_.readFromRT() && !active_goal_) == false) {
      |                             [01;31m[K^~~~~~~~~~~~~[m[K
[01m[K/home/tamar/RBE594_ws/src/Universal_Robots_ROS2_Driver/ur_controllers/src/scaled_joint_trajectory_controller.cpp:12:87:[m[K [01;31m[Kerror: [m[Kâ€˜[01m[Kactive_goal_[m[Kâ€™ was not declared in this scope; did you mean â€˜[01m[Krt_active_goal_[m[Kâ€™?
   12 | = _external_msg) && (*rt_has_pending_goal_.readFromRT() && ![01;31m[Kactive_goal_[m[K) == false) {
      |                                                             [01;31m[K^~~~~~~~~~~~[m[K
      |                                                             [32m[Krt_active_goal_[m[K
[01m[K/home/tamar/RBE594_ws/src/Universal_Robots_ROS2_Driver/ur_controllers/src/scaled_joint_trajectory_controller.cpp:14:13:[m[K [01;31m[Kerror: [m[Kâ€˜[01m[Kclass ur_controllers::ScaledJointTrajectoryController[m[Kâ€™ has no member named â€˜[01m[Krt_current_goal_[m[Kâ€™
   14 |       this->[01;31m[Krt_current_goal_[m[K = *(this->rt_active_goal_.getRT());
      |             [01;31m[K^~~~~~~~~~~~~~~~[m[K
[01m[K/home/tamar/RBE594_ws/src/Universal_Robots_ROS2_Driver/ur_controllers/src/scaled_joint_trajectory_controller.cpp:14:56:[m[K [01;31m[Kerror: [m[Kâ€˜[01m[Kusing RealtimeGoalHandleBuffer = class realtime_tools::RealtimeBuffer<std::shared_ptr<realtime_tools::RealtimeServerGoalHandle<control_msgs::action::FollowJointTrajectory> > >[m[Kâ€™ {aka â€˜[01m[Kclass realtime_tools::RealtimeBuffer<std::shared_ptr<realtime_tools::RealtimeServerGoalHandle<control_msgs::action::FollowJointTrajectory> > >[m[Kâ€™} has no member named â€˜[01m[KgetRT[m[Kâ€™
   14 |       this->rt_current_goal_ = *(this->rt_active_goal_.[01;31m[KgetRT[m[K());
      |                                                        [01;31m[K^~~~~[m[K
[01m[K/home/tamar/RBE594_ws/src/Universal_Robots_ROS2_Driver/ur_controllers/src/scaled_joint_trajectory_controller.cpp:15:13:[m[K [01;31m[Kerror: [m[Kâ€˜[01m[Kclass ur_controllers::ScaledJointTrajectoryController[m[Kâ€™ has no member named â€˜[01m[Krt_current_goal_[m[Kâ€™
   15 |       this->[01;31m[Krt_current_goal_[m[K.trajectory.set_duration_factor((*new_external_msg).data);
      |             [01;31m[K^~~~~~~~~~~~~~~~[m[K
[01m[K/home/tamar/RBE594_ws/src/Universal_Robots_ROS2_Driver/ur_controllers/src/scaled_joint_trajectory_controller.cpp:24:36:[m[K [01;31m[Kerror: [m[Kâ€˜[01m[Klast_command_time_[m[Kâ€™ was not declared in this scope; did you mean â€˜[01m[Klast_commanded_state_[m[Kâ€™?
   24 |   double time_difference = (time - [01;31m[Klast_command_time_[m[K).seconds();
      |                                    [01;31m[K^~~~~~~~~~~~~~~~~~[m[K
      |                                    [32m[Klast_commanded_state_[m[K
[01m[K/home/tamar/RBE594_ws/src/Universal_Robots_ROS2_Driver/ur_controllers/src/scaled_joint_trajectory_controller.cpp:25:38:[m[K [01;31m[Kerror: [m[Kâ€˜[01m[Kusing RealtimeGoalHandleBuffer = class realtime_tools::RealtimeBuffer<std::shared_ptr<realtime_tools::RealtimeServerGoalHandle<control_msgs::action::FollowJointTrajectory> > >[m[Kâ€™ {aka â€˜[01m[Kclass realtime_tools::RealtimeBuffer<std::shared_ptr<realtime_tools::RealtimeServerGoalHandle<control_msgs::action::FollowJointTrajectory> > >[m[Kâ€™} has no member named â€˜[01m[KgetRT[m[Kâ€™
   25 |   auto active_goal = rt_active_goal_.[01;31m[KgetRT[m[K();
      |                                      [01;31m[K^~~~~[m[K
[01m[K/home/tamar/RBE594_ws/src/Universal_Robots_ROS2_Driver/ur_controllers/src/scaled_joint_trajectory_controller.cpp:28:16:[m[K [01;31m[Kerror: [m[Kâ€˜[01m[Kclass realtime_tools::RealtimeBuffer<ur_controllers::ScaledJointTrajectoryController::TimeData>[m[Kâ€™ has no member named â€˜[01m[Ktime[m[Kâ€™
   28 |     time_data_.[01;31m[Ktime[m[K = time.seconds();
      |                [01;31m[K^~~~[m[K
[01m[K/home/tamar/RBE594_ws/src/Universal_Robots_ROS2_Driver/ur_controllers/src/scaled_joint_trajectory_controller.cpp:29:16:[m[K [01;31m[Kerror: [m[Kâ€˜[01m[Kclass realtime_tools::RealtimeBuffer<ur_controllers::ScaledJointTrajectoryController::TimeData>[m[Kâ€™ has no member named â€˜[01m[Kperiod[m[Kâ€™
   29 |     time_data_.[01;31m[Kperiod[m[K = period.seconds();
      |                [01;31m[K^~~~~~[m[K
[01m[K/home/tamar/RBE594_ws/src/Universal_Robots_ROS2_Driver/ur_controllers/src/scaled_joint_trajectory_controller.cpp:30:16:[m[K [01;31m[Kerror: [m[Kâ€˜[01m[Kclass realtime_tools::RealtimeBuffer<ur_controllers::ScaledJointTrajectoryController::TimeData>[m[Kâ€™ has no member named â€˜[01m[Kremaining_time[m[Kâ€™
   30 |     time_data_.[01;31m[Kremaining_time[m[K = (active_goal->trajectory.end_time() - time_data_.time);
      |                [01;31m[K^~~~~~~~~~~~~~[m[K
[01m[K/home/tamar/RBE594_ws/src/Universal_Robots_ROS2_Driver/ur_controllers/src/scaled_joint_trajectory_controller.cpp:30:82:[m[K [01;31m[Kerror: [m[Kâ€˜[01m[Kclass realtime_tools::RealtimeBuffer<ur_controllers::ScaledJointTrajectoryController::TimeData>[m[Kâ€™ has no member named â€˜[01m[Ktime[m[Kâ€™
   30 | emaining_time = (active_goal->trajectory.end_time() - time_data_.[01;31m[Ktime[m[K);
      |                                                                  [01;31m[K^~~~[m[K

[01m[K/home/tamar/RBE594_ws/src/Universal_Robots_ROS2_Driver/ur_controllers/src/scaled_joint_trajectory_controller.cpp:39:29:[m[K [01;31m[Kerror: [m[Kâ€˜[01m[Kfirst_sample_[m[Kâ€™ was not declared in this scope
   39 |   if ((before_last_point || [01;31m[Kfirst_sample_[m[K) && !rt_is_holding_.readFromRT()) {
      |                             [01;31m[K^~~~~~~~~~~~~[m[K
[01m[K/home/tamar/RBE594_ws/src/Universal_Robots_ROS2_Driver/ur_controllers/src/scaled_joint_trajectory_controller.cpp:52:7:[m[K [01;31m[Kerror: [m[Kâ€˜[01m[Ktolerance_violated_while_moving_[m[Kâ€™ was not declared in this scope
   52 |   if ([01;31m[Ktolerance_violated_while_moving_[m[K && !rt_has_pending_goal_.readFromRT()) {
      |       [01;31m[K^~~~~~~~~~~~~~~~~~~~~~~~~~~~~~~~[m[K
[01m[K/home/tamar/RBE594_ws/src/Universal_Robots_ROS2_Driver/ur_controllers/src/scaled_joint_trajectory_controller.cpp:53:5:[m[K [01;31m[Kerror: [m[Kâ€˜[01m[Kset_hold_state[m[Kâ€™ was not declared in this scope; did you mean â€˜[01m[Kset_hold_position[m[Kâ€™?
   53 |     [01;31m[Kset_hold_state[m[K();
      |     [01;31m[K^~~~~~~~~~~~~~[m[K
      |     [32m[Kset_hold_position[m[K
[01m[K/home/tamar/RBE594_ws/src/Universal_Robots_ROS2_Driver/ur_controllers/src/scaled_joint_trajectory_controller.cpp:62:5:[m[K [01;31m[Kerror: [m[Kâ€˜[01m[Kset_hold_state[m[Kâ€™ was not declared in this scope; did you mean â€˜[01m[Kset_hold_position[m[Kâ€™?
   62 |     [01;31m[Kset_hold_state[m[K();
      |     [01;31m[K^~~~~~~~~~~~~~[m[K
      |     [32m[Kset_hold_position[m[K
gmake[2]: *** [CMakeFiles/ur_controllers.dir/build.make:107: CMakeFiles/ur_controllers.dir/src/scaled_joint_trajectory_controller.cpp.o] Error 1
gmake[1]: *** [CMakeFiles/Makefile2:493: CMakeFiles/ur_controllers.dir/all] Error 2
gmake: *** [Makefile:146: all] Error 2
