[0.009s] Invoking command in '/home/tamar/RBE594_ws/build/ur_controllers': AMENT_PREFIX_PATH=/home/tamar/RBE594_ws/install/ur_msgs:/home/tamar/RBE594_ws/install/ur_dashboard_msgs:${AMENT_PREFIX_PATH} CMAKE_PREFIX_PATH=/home/tamar/RBE594_ws/install/ur_msgs:/home/tamar/RBE594_ws/install/ur_dashboard_msgs:/home/tamar/RBE594_ws/install/moveit_resources:/home/tamar/RBE594_ws/install/moveit_resources_pr2_description:/home/tamar/RBE594_ws/install/moveit_resources_panda_moveit_config:/home/tamar/RBE594_ws/install/moveit_resources_panda_description:/home/tamar/RBE594_ws/install/moveit_resources_fanuc_moveit_config:/home/tamar/RBE594_ws/install/moveit_resources_fanuc_description:/home/tamar/RBE594_ws/install/ur_description:/home/tamar/RBE594_ws/install/sirgas_description:/opt/ros/humble LD_LIBRARY_PATH=/home/tamar/RBE594_ws/install/ur_msgs/lib:/home/tamar/RBE594_ws/install/ur_dashboard_msgs/lib:/usr/lib/x86_64-linux-gnu/gazebo-11/plugins:/opt/ros/humble/opt/rviz_ogre_vendor/lib:/opt/ros/humble/lib/x86_64-linux-gnu:/opt/ros/humble/lib:/usr/share/gazebo/../../lib/x86_64-linux-gnu/gazebo-11/plugins:/usr/share/gazebo/../../lib/x86_64-linux-gnu/gazebo-11/plugins:/usr/share/gazebo/../../lib/x86_64-linux-gnu/gazebo-11/plugins PYTHONPATH=/home/tamar/RBE594_ws/install/ur_msgs/local/lib/python3.10/dist-packages:/home/tamar/RBE594_ws/install/ur_dashboard_msgs/local/lib/python3.10/dist-packages:${PYTHONPATH} /home/tamar/.local/bin/cmake --build /home/tamar/RBE594_ws/build/ur_controllers -- -j32 -l32
[0.059s] [  5%] [0mBuilt target force_mode_controller_parameters[0m
[0.059s] [ 11%] [0mBuilt target speed_scaling_state_broadcaster_parameters[0m
[0.059s] [ 17%] [0mBuilt target scaled_joint_trajectory_controller_parameters[0m
[0.059s] [ 23%] [0mBuilt target freedrive_mode_controller_parameters[0m
[0.060s] [ 35%] [0mBuilt target tool_contact_controller_parameters[0m
[0.060s] [ 35%] [0mBuilt target gpio_controller_parameters[0m
[0.060s] [ 41%] [0mBuilt target passthrough_trajectory_controller_parameters[0m
[0.060s] [ 47%] [0mBuilt target ur_configuration_controller_parameters[0m
[0.061s] [ 52%] [0mBuilt target gmock_main[0m
[0.062s] [ 61%] [0mBuilt target gmock[0m
[0.083s] [ 64%] [32mBuilding CXX object CMakeFiles/ur_controllers.dir/src/scaled_joint_trajectory_controller.cpp.o[0m
[1.208s] [01m[K/home/tamar/RBE594_ws/src/Universal_Robots_ROS2_Driver/ur_controllers/src/scaled_joint_trajectory_controller.cpp:[m[K In member function â€˜[01m[Kvirtual controller_interface::return_type ur_controllers::ScaledJointTrajectoryController::update(const rclcpp::Time&, const rclcpp::Duration&)[m[Kâ€™:
[1.208s] [01m[K/home/tamar/RBE594_ws/src/Universal_Robots_ROS2_Driver/ur_controllers/src/scaled_joint_trajectory_controller.cpp:8:27:[m[K [01;31m[Kerror: [m[Kâ€˜[01m[Kexternal_command_[m[Kâ€™ was not declared in this scope
[1.208s]     8 |   auto new_external_msg = [01;31m[Kexternal_command_[m[K.readFromRT();
[1.208s]       |                           [01;31m[K^~~~~~~~~~~~~~~~~[m[K
[1.213s] [01m[K/home/tamar/RBE594_ws/src/Universal_Robots_ROS2_Driver/ur_controllers/src/scaled_joint_trajectory_controller.cpp:12:29:[m[K [01;31m[Kerror: [m[Kâ€˜[01m[K_external_msg[m[Kâ€™ was not declared in this scope
[1.213s]    12 |   if ((*new_external_msg != [01;31m[K_external_msg[m[K) && (*rt_has_pending_goal_.readFromRT() && !active_goal_) == false) {
[1.214s]       |                             [01;31m[K^~~~~~~~~~~~~[m[K
[1.216s] [01m[K/home/tamar/RBE594_ws/src/Universal_Robots_ROS2_Driver/ur_controllers/src/scaled_joint_trajectory_controller.cpp:12:87:[m[K [01;31m[Kerror: [m[Kâ€˜[01m[Kactive_goal_[m[Kâ€™ was not declared in this scope; did you mean â€˜[01m[Krt_active_goal_[m[Kâ€™?
[1.216s]    12 | = _external_msg) && (*rt_has_pending_goal_.readFromRT() && ![01;31m[Kactive_goal_[m[K) == false) {
[1.216s]       |                                                             [01;31m[K^~~~~~~~~~~~[m[K
[1.217s]       |                                                             [32m[Krt_active_goal_[m[K
[1.217s] [01m[K/home/tamar/RBE594_ws/src/Universal_Robots_ROS2_Driver/ur_controllers/src/scaled_joint_trajectory_controller.cpp:14:13:[m[K [01;31m[Kerror: [m[Kâ€˜[01m[Kclass ur_controllers::ScaledJointTrajectoryController[m[Kâ€™ has no member named â€˜[01m[Krt_current_goal_[m[Kâ€™
[1.217s]    14 |       this->[01;31m[Krt_current_goal_[m[K = *(this->rt_active_goal_.getRT());
[1.217s]       |             [01;31m[K^~~~~~~~~~~~~~~~[m[K
[1.217s] [01m[K/home/tamar/RBE594_ws/src/Universal_Robots_ROS2_Driver/ur_controllers/src/scaled_joint_trajectory_controller.cpp:14:56:[m[K [01;31m[Kerror: [m[Kâ€˜[01m[Kusing RealtimeGoalHandleBuffer = class realtime_tools::RealtimeBuffer<std::shared_ptr<realtime_tools::RealtimeServerGoalHandle<control_msgs::action::FollowJointTrajectory> > >[m[Kâ€™ {aka â€˜[01m[Kclass realtime_tools::RealtimeBuffer<std::shared_ptr<realtime_tools::RealtimeServerGoalHandle<control_msgs::action::FollowJointTrajectory> > >[m[Kâ€™} has no member named â€˜[01m[KgetRT[m[Kâ€™
[1.217s]    14 |       this->rt_current_goal_ = *(this->rt_active_goal_.[01;31m[KgetRT[m[K());
[1.217s]       |                                                        [01;31m[K^~~~~[m[K
[1.217s] [01m[K/home/tamar/RBE594_ws/src/Universal_Robots_ROS2_Driver/ur_controllers/src/scaled_joint_trajectory_controller.cpp:15:13:[m[K [01;31m[Kerror: [m[Kâ€˜[01m[Kclass ur_controllers::ScaledJointTrajectoryController[m[Kâ€™ has no member named â€˜[01m[Krt_current_goal_[m[Kâ€™
[1.217s]    15 |       this->[01;31m[Krt_current_goal_[m[K.trajectory.set_duration_factor((*new_external_msg).data);
[1.217s]       |             [01;31m[K^~~~~~~~~~~~~~~~[m[K
[1.220s] [01m[K/home/tamar/RBE594_ws/src/Universal_Robots_ROS2_Driver/ur_controllers/src/scaled_joint_trajectory_controller.cpp:24:36:[m[K [01;31m[Kerror: [m[Kâ€˜[01m[Klast_command_time_[m[Kâ€™ was not declared in this scope; did you mean â€˜[01m[Klast_commanded_state_[m[Kâ€™?
[1.220s]    24 |   double time_difference = (time - [01;31m[Klast_command_time_[m[K).seconds();
[1.220s]       |                                    [01;31m[K^~~~~~~~~~~~~~~~~~[m[K
[1.220s]       |                                    [32m[Klast_commanded_state_[m[K
[1.221s] [01m[K/home/tamar/RBE594_ws/src/Universal_Robots_ROS2_Driver/ur_controllers/src/scaled_joint_trajectory_controller.cpp:25:38:[m[K [01;31m[Kerror: [m[Kâ€˜[01m[Kusing RealtimeGoalHandleBuffer = class realtime_tools::RealtimeBuffer<std::shared_ptr<realtime_tools::RealtimeServerGoalHandle<control_msgs::action::FollowJointTrajectory> > >[m[Kâ€™ {aka â€˜[01m[Kclass realtime_tools::RealtimeBuffer<std::shared_ptr<realtime_tools::RealtimeServerGoalHandle<control_msgs::action::FollowJointTrajectory> > >[m[Kâ€™} has no member named â€˜[01m[KgetRT[m[Kâ€™
[1.221s]    25 |   auto active_goal = rt_active_goal_.[01;31m[KgetRT[m[K();
[1.221s]       |                                      [01;31m[K^~~~~[m[K
[1.221s] [01m[K/home/tamar/RBE594_ws/src/Universal_Robots_ROS2_Driver/ur_controllers/src/scaled_joint_trajectory_controller.cpp:28:16:[m[K [01;31m[Kerror: [m[Kâ€˜[01m[Kclass realtime_tools::RealtimeBuffer<ur_controllers::ScaledJointTrajectoryController::TimeData>[m[Kâ€™ has no member named â€˜[01m[Ktime[m[Kâ€™
[1.221s]    28 |     time_data_.[01;31m[Ktime[m[K = time.seconds();
[1.221s]       |                [01;31m[K^~~~[m[K
[1.221s] [01m[K/home/tamar/RBE594_ws/src/Universal_Robots_ROS2_Driver/ur_controllers/src/scaled_joint_trajectory_controller.cpp:29:16:[m[K [01;31m[Kerror: [m[Kâ€˜[01m[Kclass realtime_tools::RealtimeBuffer<ur_controllers::ScaledJointTrajectoryController::TimeData>[m[Kâ€™ has no member named â€˜[01m[Kperiod[m[Kâ€™
[1.221s]    29 |     time_data_.[01;31m[Kperiod[m[K = period.seconds();
[1.221s]       |                [01;31m[K^~~~~~[m[K
[1.221s] [01m[K/home/tamar/RBE594_ws/src/Universal_Robots_ROS2_Driver/ur_controllers/src/scaled_joint_trajectory_controller.cpp:30:16:[m[K [01;31m[Kerror: [m[Kâ€˜[01m[Kclass realtime_tools::RealtimeBuffer<ur_controllers::ScaledJointTrajectoryController::TimeData>[m[Kâ€™ has no member named â€˜[01m[Kremaining_time[m[Kâ€™
[1.221s]    30 |     time_data_.[01;31m[Kremaining_time[m[K = (active_goal->trajectory.end_time() - time_data_.time);
[1.221s]       |                [01;31m[K^~~~~~~~~~~~~~[m[K
[1.221s] [01m[K/home/tamar/RBE594_ws/src/Universal_Robots_ROS2_Driver/ur_controllers/src/scaled_joint_trajectory_controller.cpp:30:82:[m[K [01;31m[Kerror: [m[Kâ€˜[01m[Kclass realtime_tools::RealtimeBuffer<ur_controllers::ScaledJointTrajectoryController::TimeData>[m[Kâ€™ has no member named â€˜[01m[Ktime[m[Kâ€™
[1.221s]    30 | emaining_time = (active_goal->trajectory.end_time() - time_data_.[01;31m[Ktime[m[K);
[1.221s]       |                                                                  [01;31m[K^~~~[m[K
[1.221s] 
[1.224s] [01m[K/home/tamar/RBE594_ws/src/Universal_Robots_ROS2_Driver/ur_controllers/src/scaled_joint_trajectory_controller.cpp:39:29:[m[K [01;31m[Kerror: [m[Kâ€˜[01m[Kfirst_sample_[m[Kâ€™ was not declared in this scope
[1.224s]    39 |   if ((before_last_point || [01;31m[Kfirst_sample_[m[K) && !rt_is_holding_.readFromRT()) {
[1.224s]       |                             [01;31m[K^~~~~~~~~~~~~[m[K
[1.232s] [01m[K/home/tamar/RBE594_ws/src/Universal_Robots_ROS2_Driver/ur_controllers/src/scaled_joint_trajectory_controller.cpp:52:7:[m[K [01;31m[Kerror: [m[Kâ€˜[01m[Ktolerance_violated_while_moving_[m[Kâ€™ was not declared in this scope
[1.232s]    52 |   if ([01;31m[Ktolerance_violated_while_moving_[m[K && !rt_has_pending_goal_.readFromRT()) {
[1.232s]       |       [01;31m[K^~~~~~~~~~~~~~~~~~~~~~~~~~~~~~~~[m[K
[1.235s] [01m[K/home/tamar/RBE594_ws/src/Universal_Robots_ROS2_Driver/ur_controllers/src/scaled_joint_trajectory_controller.cpp:53:5:[m[K [01;31m[Kerror: [m[Kâ€˜[01m[Kset_hold_state[m[Kâ€™ was not declared in this scope; did you mean â€˜[01m[Kset_hold_position[m[Kâ€™?
[1.236s]    53 |     [01;31m[Kset_hold_state[m[K();
[1.236s]       |     [01;31m[K^~~~~~~~~~~~~~[m[K
[1.236s]       |     [32m[Kset_hold_position[m[K
[1.239s] [01m[K/home/tamar/RBE594_ws/src/Universal_Robots_ROS2_Driver/ur_controllers/src/scaled_joint_trajectory_controller.cpp:62:5:[m[K [01;31m[Kerror: [m[Kâ€˜[01m[Kset_hold_state[m[Kâ€™ was not declared in this scope; did you mean â€˜[01m[Kset_hold_position[m[Kâ€™?
[1.239s]    62 |     [01;31m[Kset_hold_state[m[K();
[1.239s]       |     [01;31m[K^~~~~~~~~~~~~~[m[K
[1.239s]       |     [32m[Kset_hold_position[m[K
[1.520s] gmake[2]: *** [CMakeFiles/ur_controllers.dir/build.make:107: CMakeFiles/ur_controllers.dir/src/scaled_joint_trajectory_controller.cpp.o] Error 1
[1.521s] gmake[1]: *** [CMakeFiles/Makefile2:493: CMakeFiles/ur_controllers.dir/all] Error 2
[1.521s] gmake: *** [Makefile:146: all] Error 2
[1.522s] Invoked command in '/home/tamar/RBE594_ws/build/ur_controllers' returned '2': AMENT_PREFIX_PATH=/home/tamar/RBE594_ws/install/ur_msgs:/home/tamar/RBE594_ws/install/ur_dashboard_msgs:${AMENT_PREFIX_PATH} CMAKE_PREFIX_PATH=/home/tamar/RBE594_ws/install/ur_msgs:/home/tamar/RBE594_ws/install/ur_dashboard_msgs:/home/tamar/RBE594_ws/install/moveit_resources:/home/tamar/RBE594_ws/install/moveit_resources_pr2_description:/home/tamar/RBE594_ws/install/moveit_resources_panda_moveit_config:/home/tamar/RBE594_ws/install/moveit_resources_panda_description:/home/tamar/RBE594_ws/install/moveit_resources_fanuc_moveit_config:/home/tamar/RBE594_ws/install/moveit_resources_fanuc_description:/home/tamar/RBE594_ws/install/ur_description:/home/tamar/RBE594_ws/install/sirgas_description:/opt/ros/humble LD_LIBRARY_PATH=/home/tamar/RBE594_ws/install/ur_msgs/lib:/home/tamar/RBE594_ws/install/ur_dashboard_msgs/lib:/usr/lib/x86_64-linux-gnu/gazebo-11/plugins:/opt/ros/humble/opt/rviz_ogre_vendor/lib:/opt/ros/humble/lib/x86_64-linux-gnu:/opt/ros/humble/lib:/usr/share/gazebo/../../lib/x86_64-linux-gnu/gazebo-11/plugins:/usr/share/gazebo/../../lib/x86_64-linux-gnu/gazebo-11/plugins:/usr/share/gazebo/../../lib/x86_64-linux-gnu/gazebo-11/plugins PYTHONPATH=/home/tamar/RBE594_ws/install/ur_msgs/local/lib/python3.10/dist-packages:/home/tamar/RBE594_ws/install/ur_dashboard_msgs/local/lib/python3.10/dist-packages:${PYTHONPATH} /home/tamar/.local/bin/cmake --build /home/tamar/RBE594_ws/build/ur_controllers -- -j32 -l32
