[01m[K/home/tamar/RBE594_ws/src/Universal_Robots_ROS2_Driver/ur_controllers/src/scaled_joint_trajectory_controller.cpp:[m[K In member function â€˜[01m[Kvirtual controller_interface::return_type ur_controllers::ScaledJointTrajectoryController::update(const rclcpp::Time&, const rclcpp::Duration&)[m[Kâ€™:
[01m[K/home/tamar/RBE594_ws/src/Universal_Robots_ROS2_Driver/ur_controllers/src/scaled_joint_trajectory_controller.cpp:16:7:[m[K [01;31m[Kerror: [m[Kâ€˜[01m[K_external_msg[m[Kâ€™ was not declared in this scope
   16 |   if ([01;31m[K_external_msg[m[K != *new_external_msg && (*rt_has_pending_goal_ && !active_goal) == false) {
      |       [01;31m[K^~~~~~~~~~~~~[m[K
[01m[K/home/tamar/RBE594_ws/src/Universal_Robots_ROS2_Driver/ur_controllers/src/scaled_joint_trajectory_controller.cpp:16:25:[m[K [01;31m[Kerror: [m[Kâ€˜[01m[Knew_external_msg[m[Kâ€™ was not declared in this scope
   16 |   if (_external_msg != *[01;31m[Knew_external_msg[m[K && (*rt_has_pending_goal_ && !active_goal) == false) {
      |                         [01;31m[K^~~~~~~~~~~~~~~~[m[K
[01m[K/home/tamar/RBE594_ws/src/Universal_Robots_ROS2_Driver/ur_controllers/src/scaled_joint_trajectory_controller.cpp:16:46:[m[K [01;31m[Kerror: [m[Kno match for â€˜[01m[Koperator*[m[Kâ€™ (operand type is â€˜[01m[Krealtime_tools::RealtimeBuffer<bool>[m[Kâ€™)
   16 |   if (_external_msg != *new_external_msg && ([01;31m[K*rt_has_pending_goal_[m[K && !active_goal) == false) {
      |                                              [01;31m[K^~~~~~~~~~~~~~~~~~~~~[m[K
[01m[K/home/tamar/RBE594_ws/src/Universal_Robots_ROS2_Driver/ur_controllers/src/scaled_joint_trajectory_controller.cpp:16:72:[m[K [01;31m[Kerror: [m[Kâ€˜[01m[Kactive_goal[m[Kâ€™ was not declared in this scope; did you mean â€˜[01m[Krt_active_goal_[m[Kâ€™?
   16 | rnal_msg != *new_external_msg && (*rt_has_pending_goal_ && ![01;31m[Kactive_goal[m[K) == false) {
      |                                                             [01;31m[K^~~~~~~~~~~[m[K
      |                                                             [32m[Krt_active_goal_[m[K
[01m[K/home/tamar/RBE594_ws/src/Universal_Robots_ROS2_Driver/ur_controllers/src/scaled_joint_trajectory_controller.cpp:24:8:[m[K [01;31m[Kerror: [m[Kâ€˜[01m[Kbefore_last_point[m[Kâ€™ was not declared in this scope
   24 |   if (![01;31m[Kbefore_last_point[m[K && !*rt_is_holding_ && cmd_timeout_ > 0.0 && time_difference > cmd_timeout_) {
      |        [01;31m[K^~~~~~~~~~~~~~~~~[m[K
[01m[K/home/tamar/RBE594_ws/src/Universal_Robots_ROS2_Driver/ur_controllers/src/scaled_joint_trajectory_controller.cpp:24:30:[m[K [01;31m[Kerror: [m[Kno match for â€˜[01m[Koperator*[m[Kâ€™ (operand type is â€˜[01m[Krealtime_tools::RealtimeBuffer<bool>[m[Kâ€™)
   24 |   if (!before_last_point && ![01;31m[K*rt_is_holding_[m[K && cmd_timeout_ > 0.0 && time_difference > cmd_timeout_) {
      |                              [01;31m[K^~~~~~~~~~~~~~~[m[K
[01m[K/home/tamar/RBE594_ws/src/Universal_Robots_ROS2_Driver/ur_controllers/src/scaled_joint_trajectory_controller.cpp:24:71:[m[K [01;31m[Kerror: [m[Kâ€˜[01m[Ktime_difference[m[Kâ€™ was not declared in this scope
   24 | ore_last_point && !*rt_is_holding_ && cmd_timeout_ > 0.0 && [01;31m[Ktime_difference[m[K > cmd_timeout_) {
      |                                                             [01;31m[K^~~~~~~~~~~~~~~[m[K

[01m[K/home/tamar/RBE594_ws/src/Universal_Robots_ROS2_Driver/ur_controllers/src/scaled_joint_trajectory_controller.cpp:32:8:[m[K [01;31m[Kerror: [m[Kâ€˜[01m[Kbefore_last_point[m[Kâ€™ was not declared in this scope
   32 |   if (([01;31m[Kbefore_last_point[m[K || first_sample) && !*rt_is_holding_ &&
      |        [01;31m[K^~~~~~~~~~~~~~~~~[m[K
[01m[K/home/tamar/RBE594_ws/src/Universal_Robots_ROS2_Driver/ur_controllers/src/scaled_joint_trajectory_controller.cpp:32:29:[m[K [01;31m[Kerror: [m[Kâ€˜[01m[Kfirst_sample[m[Kâ€™ was not declared in this scope
   32 |   if ((before_last_point || [01;31m[Kfirst_sample[m[K) && !*rt_is_holding_ &&
      |                             [01;31m[K^~~~~~~~~~~~[m[K
[01m[K/home/tamar/RBE594_ws/src/Universal_Robots_ROS2_Driver/ur_controllers/src/scaled_joint_trajectory_controller.cpp:32:47:[m[K [01;31m[Kerror: [m[Kno match for â€˜[01m[Koperator*[m[Kâ€™ (operand type is â€˜[01m[Krealtime_tools::RealtimeBuffer<bool>[m[Kâ€™)
   32 |   if ((before_last_point || first_sample) && ![01;31m[K*rt_is_holding_[m[K &&
      |                                               [01;31m[K^~~~~~~~~~~~~~~[m[K
[01m[K/home/tamar/RBE594_ws/src/Universal_Robots_ROS2_Driver/ur_controllers/src/scaled_joint_trajectory_controller.cpp:34:3:[m[K [01;31m[Kerror: [m[Kexpected primary-expression before â€˜[01m[K)[m[Kâ€™ token
   34 |   [01;31m[K)[m[K {
      |   [01;31m[K^[m[K
[01m[K/home/tamar/RBE594_ws/src/Universal_Robots_ROS2_Driver/ur_controllers/src/scaled_joint_trajectory_controller.cpp:42:8:[m[K [01;31m[Kerror: [m[Kâ€˜[01m[Kbefore_last_point[m[Kâ€™ was not declared in this scope
   42 |   if (![01;31m[Kbefore_last_point[m[K && !*rt_is_holding_ &&
      |        [01;31m[K^~~~~~~~~~~~~~~~~[m[K
[01m[K/home/tamar/RBE594_ws/src/Universal_Robots_ROS2_Driver/ur_controllers/src/scaled_joint_trajectory_controller.cpp:42:30:[m[K [01;31m[Kerror: [m[Kno match for â€˜[01m[Koperator*[m[Kâ€™ (operand type is â€˜[01m[Krealtime_tools::RealtimeBuffer<bool>[m[Kâ€™)
   42 |   if (!before_last_point && ![01;31m[K*rt_is_holding_[m[K &&
      |                              [01;31m[K^~~~~~~~~~~~~~~[m[K
[01m[K/home/tamar/RBE594_ws/src/Universal_Robots_ROS2_Driver/ur_controllers/src/scaled_joint_trajectory_controller.cpp:44:3:[m[K [01;31m[Kerror: [m[Kexpected primary-expression before â€˜[01m[K)[m[Kâ€™ token
   44 |   [01;31m[K)[m[K {
      |   [01;31m[K^[m[K
[01m[K/home/tamar/RBE594_ws/src/Universal_Robots_ROS2_Driver/ur_controllers/src/scaled_joint_trajectory_controller.cpp:58:3:[m[K [01;31m[Kerror: [m[Kno return statement in function returning non-void [[01;31m[K]8;;https://gcc.gnu.org/onlinedocs/gcc/Warning-Options.html#index-Wreturn-type-Werror=return-type]8;;[m[K]
   58 |   [01;31m[K}[m[K else if (tolerance_violated_while_moving && !*rt_has_pending_goal_) {
      |   [01;31m[K^[m[K
[01m[K/home/tamar/RBE594_ws/src/Universal_Robots_ROS2_Driver/ur_controllers/src/scaled_joint_trajectory_controller.cpp:10:24:[m[K [01;35m[Kwarning: [m[Kunused parameter â€˜[01m[Ktime[m[Kâ€™ [[01;35m[K]8;;https://gcc.gnu.org/onlinedocs/gcc/Warning-Options.html#index-Wunused-parameter-Wunused-parameter]8;;[m[K]
   10 |   [01;35m[Kconst rclcpp::Time & time[m[K, const rclcpp::Duration & period)
      |   [01;35m[K~~~~~~~~~~~~~~~~~~~~~^~~~[m[K
[01m[K/home/tamar/RBE594_ws/src/Universal_Robots_ROS2_Driver/ur_controllers/src/scaled_joint_trajectory_controller.cpp:10:55:[m[K [01;35m[Kwarning: [m[Kunused parameter â€˜[01m[Kperiod[m[Kâ€™ [[01;35m[K]8;;https://gcc.gnu.org/onlinedocs/gcc/Warning-Options.html#index-Wunused-parameter-Wunused-parameter]8;;[m[K]
   10 |   const rclcpp::Time & time, [01;35m[Kconst rclcpp::Duration & period[m[K)
      |                              [01;35m[K~~~~~~~~~~~~~~~~~~~~~~~~~^~~~~~[m[K
[01m[K/home/tamar/RBE594_ws/src/Universal_Robots_ROS2_Driver/ur_controllers/src/scaled_joint_trajectory_controller.cpp:[m[K At global scope:
[01m[K/home/tamar/RBE594_ws/src/Universal_Robots_ROS2_Driver/ur_controllers/src/scaled_joint_trajectory_controller.cpp:58:5:[m[K [01;31m[Kerror: [m[Kexpected unqualified-id before â€˜[01m[Kelse[m[Kâ€™
   58 |   } [01;31m[Kelse[m[K if (tolerance_violated_while_moving && !*rt_has_pending_goal_) {
      |     [01;31m[K^~~~[m[K
[01m[K/home/tamar/RBE594_ws/src/Universal_Robots_ROS2_Driver/ur_controllers/src/scaled_joint_trajectory_controller.cpp:66:5:[m[K [01;31m[Kerror: [m[Kexpected unqualified-id before â€˜[01m[Kelse[m[Kâ€™
   66 |   } [01;31m[Kelse[m[K if (!before_last_point && !within_goal_time && !*rt_has_pending_goal_) {
      |     [01;31m[K^~~~[m[K
[01m[K/home/tamar/RBE594_ws/src/Universal_Robots_ROS2_Driver/ur_controllers/src/scaled_joint_trajectory_controller.cpp:72:3:[m[K [01;31m[Kerror: [m[Kexpected unqualified-id before â€˜[01m[Kreturn[m[Kâ€™
   72 |   [01;31m[Kreturn[m[K controller_interface::return_type::OK;
      |   [01;31m[K^~~~~~[m[K
[01m[K/home/tamar/RBE594_ws/src/Universal_Robots_ROS2_Driver/ur_controllers/src/scaled_joint_trajectory_controller.cpp:73:1:[m[K [01;31m[Kerror: [m[Kexpected declaration before â€˜[01m[K}[m[Kâ€™ token
   73 | [01;31m[K}[m[K
      | [01;31m[K^[m[K
[01m[K/home/tamar/RBE594_ws/src/Universal_Robots_ROS2_Driver/ur_controllers/src/scaled_joint_trajectory_controller.cpp:74:1:[m[K [01;31m[Kerror: [m[Kexpected declaration before â€˜[01m[K}[m[Kâ€™ token
   74 | [01;31m[K}[m[K  // namespace ur_controllers
      | [01;31m[K^[m[K
cc1plus: some warnings being treated as errors
gmake[2]: *** [CMakeFiles/ur_controllers.dir/build.make:107: CMakeFiles/ur_controllers.dir/src/scaled_joint_trajectory_controller.cpp.o] Error 1
gmake[1]: *** [CMakeFiles/Makefile2:493: CMakeFiles/ur_controllers.dir/all] Error 2
gmake: *** [Makefile:146: all] Error 2
