[0.015s] Invoking command in '/home/tamar/RBE594_ws/build/ur_controllers': AMENT_PREFIX_PATH=/home/tamar/RBE594_ws/install/ur_msgs:/home/tamar/RBE594_ws/install/ur_dashboard_msgs:${AMENT_PREFIX_PATH} CMAKE_PREFIX_PATH=/home/tamar/RBE594_ws/install/ur_msgs:/home/tamar/RBE594_ws/install/ur_dashboard_msgs:/home/tamar/RBE594_ws/install/moveit_resources:/home/tamar/RBE594_ws/install/moveit_resources_pr2_description:/home/tamar/RBE594_ws/install/moveit_resources_panda_moveit_config:/home/tamar/RBE594_ws/install/moveit_resources_panda_description:/home/tamar/RBE594_ws/install/moveit_resources_fanuc_moveit_config:/home/tamar/RBE594_ws/install/moveit_resources_fanuc_description:/home/tamar/RBE594_ws/install/ur_description:/home/tamar/RBE594_ws/install/sirgas_description:/opt/ros/humble LD_LIBRARY_PATH=/home/tamar/RBE594_ws/install/ur_msgs/lib:/home/tamar/RBE594_ws/install/ur_dashboard_msgs/lib:/usr/lib/x86_64-linux-gnu/gazebo-11/plugins:/opt/ros/humble/opt/rviz_ogre_vendor/lib:/opt/ros/humble/lib/x86_64-linux-gnu:/opt/ros/humble/lib:/usr/share/gazebo/../../lib/x86_64-linux-gnu/gazebo-11/plugins:/usr/share/gazebo/../../lib/x86_64-linux-gnu/gazebo-11/plugins:/usr/share/gazebo/../../lib/x86_64-linux-gnu/gazebo-11/plugins PYTHONPATH=/home/tamar/RBE594_ws/install/ur_msgs/local/lib/python3.10/dist-packages:/home/tamar/RBE594_ws/install/ur_dashboard_msgs/local/lib/python3.10/dist-packages:${PYTHONPATH} /home/tamar/.local/bin/cmake --build /home/tamar/RBE594_ws/build/ur_controllers -- -j32 -l32
[0.064s] [  5%] [0mBuilt target speed_scaling_state_broadcaster_parameters[0m
[0.064s] [ 11%] [0mBuilt target tool_contact_controller_parameters[0m
[0.064s] [ 17%] [0mBuilt target force_mode_controller_parameters[0m
[0.064s] [ 23%] [0mBuilt target passthrough_trajectory_controller_parameters[0m
[0.065s] [ 29%] [0mBuilt target gpio_controller_parameters[0m
[0.065s] [ 35%] [0mBuilt target freedrive_mode_controller_parameters[0m
[0.065s] [ 41%] [0mBuilt target scaled_joint_trajectory_controller_parameters[0m
[0.065s] [ 47%] [0mBuilt target ur_configuration_controller_parameters[0m
[0.066s] [ 52%] [0mBuilt target gmock_main[0m
[0.066s] [ 61%] [0mBuilt target gmock[0m
[0.088s] [ 64%] [32mBuilding CXX object CMakeFiles/ur_controllers.dir/src/scaled_joint_trajectory_controller.cpp.o[0m
[1.201s] [01m[K/home/tamar/RBE594_ws/src/Universal_Robots_ROS2_Driver/ur_controllers/src/scaled_joint_trajectory_controller.cpp:[m[K In member function â€˜[01m[Kvirtual controller_interface::return_type ur_controllers::ScaledJointTrajectoryController::update(const rclcpp::Time&, const rclcpp::Duration&)[m[Kâ€™:
[1.201s] [01m[K/home/tamar/RBE594_ws/src/Universal_Robots_ROS2_Driver/ur_controllers/src/scaled_joint_trajectory_controller.cpp:16:7:[m[K [01;31m[Kerror: [m[Kâ€˜[01m[K_external_msg[m[Kâ€™ was not declared in this scope
[1.201s]    16 |   if ([01;31m[K_external_msg[m[K != *new_external_msg && (*rt_has_pending_goal_ && !active_goal) == false) {
[1.201s]       |       [01;31m[K^~~~~~~~~~~~~[m[K
[1.205s] [01m[K/home/tamar/RBE594_ws/src/Universal_Robots_ROS2_Driver/ur_controllers/src/scaled_joint_trajectory_controller.cpp:16:25:[m[K [01;31m[Kerror: [m[Kâ€˜[01m[Knew_external_msg[m[Kâ€™ was not declared in this scope
[1.205s]    16 |   if (_external_msg != *[01;31m[Knew_external_msg[m[K && (*rt_has_pending_goal_ && !active_goal) == false) {
[1.205s]       |                         [01;31m[K^~~~~~~~~~~~~~~~[m[K
[1.205s] [01m[K/home/tamar/RBE594_ws/src/Universal_Robots_ROS2_Driver/ur_controllers/src/scaled_joint_trajectory_controller.cpp:16:46:[m[K [01;31m[Kerror: [m[Kno match for â€˜[01m[Koperator*[m[Kâ€™ (operand type is â€˜[01m[Krealtime_tools::RealtimeBuffer<bool>[m[Kâ€™)
[1.205s]    16 |   if (_external_msg != *new_external_msg && ([01;31m[K*rt_has_pending_goal_[m[K && !active_goal) == false) {
[1.205s]       |                                              [01;31m[K^~~~~~~~~~~~~~~~~~~~~[m[K
[1.208s] [01m[K/home/tamar/RBE594_ws/src/Universal_Robots_ROS2_Driver/ur_controllers/src/scaled_joint_trajectory_controller.cpp:16:72:[m[K [01;31m[Kerror: [m[Kâ€˜[01m[Kactive_goal[m[Kâ€™ was not declared in this scope; did you mean â€˜[01m[Krt_active_goal_[m[Kâ€™?
[1.208s]    16 | rnal_msg != *new_external_msg && (*rt_has_pending_goal_ && ![01;31m[Kactive_goal[m[K) == false) {
[1.208s]       |                                                             [01;31m[K^~~~~~~~~~~[m[K
[1.208s]       |                                                             [32m[Krt_active_goal_[m[K
[1.212s] [01m[K/home/tamar/RBE594_ws/src/Universal_Robots_ROS2_Driver/ur_controllers/src/scaled_joint_trajectory_controller.cpp:24:8:[m[K [01;31m[Kerror: [m[Kâ€˜[01m[Kbefore_last_point[m[Kâ€™ was not declared in this scope
[1.212s]    24 |   if (![01;31m[Kbefore_last_point[m[K && !*rt_is_holding_ && cmd_timeout_ > 0.0 && time_difference > cmd_timeout_) {
[1.212s]       |        [01;31m[K^~~~~~~~~~~~~~~~~[m[K
[1.212s] [01m[K/home/tamar/RBE594_ws/src/Universal_Robots_ROS2_Driver/ur_controllers/src/scaled_joint_trajectory_controller.cpp:24:30:[m[K [01;31m[Kerror: [m[Kno match for â€˜[01m[Koperator*[m[Kâ€™ (operand type is â€˜[01m[Krealtime_tools::RealtimeBuffer<bool>[m[Kâ€™)
[1.212s]    24 |   if (!before_last_point && ![01;31m[K*rt_is_holding_[m[K && cmd_timeout_ > 0.0 && time_difference > cmd_timeout_) {
[1.212s]       |                              [01;31m[K^~~~~~~~~~~~~~~[m[K
[1.216s] [01m[K/home/tamar/RBE594_ws/src/Universal_Robots_ROS2_Driver/ur_controllers/src/scaled_joint_trajectory_controller.cpp:24:71:[m[K [01;31m[Kerror: [m[Kâ€˜[01m[Ktime_difference[m[Kâ€™ was not declared in this scope
[1.216s]    24 | ore_last_point && !*rt_is_holding_ && cmd_timeout_ > 0.0 && [01;31m[Ktime_difference[m[K > cmd_timeout_) {
[1.216s]       |                                                             [01;31m[K^~~~~~~~~~~~~~~[m[K
[1.216s] 
[1.220s] [01m[K/home/tamar/RBE594_ws/src/Universal_Robots_ROS2_Driver/ur_controllers/src/scaled_joint_trajectory_controller.cpp:32:8:[m[K [01;31m[Kerror: [m[Kâ€˜[01m[Kbefore_last_point[m[Kâ€™ was not declared in this scope
[1.220s]    32 |   if (([01;31m[Kbefore_last_point[m[K || first_sample) && !*rt_is_holding_ &&
[1.220s]       |        [01;31m[K^~~~~~~~~~~~~~~~~[m[K
[1.224s] [01m[K/home/tamar/RBE594_ws/src/Universal_Robots_ROS2_Driver/ur_controllers/src/scaled_joint_trajectory_controller.cpp:32:29:[m[K [01;31m[Kerror: [m[Kâ€˜[01m[Kfirst_sample[m[Kâ€™ was not declared in this scope
[1.224s]    32 |   if ((before_last_point || [01;31m[Kfirst_sample[m[K) && !*rt_is_holding_ &&
[1.224s]       |                             [01;31m[K^~~~~~~~~~~~[m[K
[1.224s] [01m[K/home/tamar/RBE594_ws/src/Universal_Robots_ROS2_Driver/ur_controllers/src/scaled_joint_trajectory_controller.cpp:32:47:[m[K [01;31m[Kerror: [m[Kno match for â€˜[01m[Koperator*[m[Kâ€™ (operand type is â€˜[01m[Krealtime_tools::RealtimeBuffer<bool>[m[Kâ€™)
[1.224s]    32 |   if ((before_last_point || first_sample) && ![01;31m[K*rt_is_holding_[m[K &&
[1.224s]       |                                               [01;31m[K^~~~~~~~~~~~~~~[m[K
[1.224s] [01m[K/home/tamar/RBE594_ws/src/Universal_Robots_ROS2_Driver/ur_controllers/src/scaled_joint_trajectory_controller.cpp:34:3:[m[K [01;31m[Kerror: [m[Kexpected primary-expression before â€˜[01m[K)[m[Kâ€™ token
[1.224s]    34 |   [01;31m[K)[m[K {
[1.224s]       |   [01;31m[K^[m[K
[1.228s] [01m[K/home/tamar/RBE594_ws/src/Universal_Robots_ROS2_Driver/ur_controllers/src/scaled_joint_trajectory_controller.cpp:42:8:[m[K [01;31m[Kerror: [m[Kâ€˜[01m[Kbefore_last_point[m[Kâ€™ was not declared in this scope
[1.228s]    42 |   if (![01;31m[Kbefore_last_point[m[K && !*rt_is_holding_ &&
[1.228s]       |        [01;31m[K^~~~~~~~~~~~~~~~~[m[K
[1.228s] [01m[K/home/tamar/RBE594_ws/src/Universal_Robots_ROS2_Driver/ur_controllers/src/scaled_joint_trajectory_controller.cpp:42:30:[m[K [01;31m[Kerror: [m[Kno match for â€˜[01m[Koperator*[m[Kâ€™ (operand type is â€˜[01m[Krealtime_tools::RealtimeBuffer<bool>[m[Kâ€™)
[1.228s]    42 |   if (!before_last_point && ![01;31m[K*rt_is_holding_[m[K &&
[1.228s]       |                              [01;31m[K^~~~~~~~~~~~~~~[m[K
[1.228s] [01m[K/home/tamar/RBE594_ws/src/Universal_Robots_ROS2_Driver/ur_controllers/src/scaled_joint_trajectory_controller.cpp:44:3:[m[K [01;31m[Kerror: [m[Kexpected primary-expression before â€˜[01m[K)[m[Kâ€™ token
[1.228s]    44 |   [01;31m[K)[m[K {
[1.228s]       |   [01;31m[K^[m[K
[1.231s] [01m[K/home/tamar/RBE594_ws/src/Universal_Robots_ROS2_Driver/ur_controllers/src/scaled_joint_trajectory_controller.cpp:58:3:[m[K [01;31m[Kerror: [m[Kno return statement in function returning non-void [[01;31m[K]8;;https://gcc.gnu.org/onlinedocs/gcc/Warning-Options.html#index-Wreturn-type-Werror=return-type]8;;[m[K]
[1.231s]    58 |   [01;31m[K}[m[K else if (tolerance_violated_while_moving && !*rt_has_pending_goal_) {
[1.231s]       |   [01;31m[K^[m[K
[1.231s] [01m[K/home/tamar/RBE594_ws/src/Universal_Robots_ROS2_Driver/ur_controllers/src/scaled_joint_trajectory_controller.cpp:10:24:[m[K [01;35m[Kwarning: [m[Kunused parameter â€˜[01m[Ktime[m[Kâ€™ [[01;35m[K]8;;https://gcc.gnu.org/onlinedocs/gcc/Warning-Options.html#index-Wunused-parameter-Wunused-parameter]8;;[m[K]
[1.231s]    10 |   [01;35m[Kconst rclcpp::Time & time[m[K, const rclcpp::Duration & period)
[1.231s]       |   [01;35m[K~~~~~~~~~~~~~~~~~~~~~^~~~[m[K
[1.231s] [01m[K/home/tamar/RBE594_ws/src/Universal_Robots_ROS2_Driver/ur_controllers/src/scaled_joint_trajectory_controller.cpp:10:55:[m[K [01;35m[Kwarning: [m[Kunused parameter â€˜[01m[Kperiod[m[Kâ€™ [[01;35m[K]8;;https://gcc.gnu.org/onlinedocs/gcc/Warning-Options.html#index-Wunused-parameter-Wunused-parameter]8;;[m[K]
[1.231s]    10 |   const rclcpp::Time & time, [01;35m[Kconst rclcpp::Duration & period[m[K)
[1.231s]       |                              [01;35m[K~~~~~~~~~~~~~~~~~~~~~~~~~^~~~~~[m[K
[1.231s] [01m[K/home/tamar/RBE594_ws/src/Universal_Robots_ROS2_Driver/ur_controllers/src/scaled_joint_trajectory_controller.cpp:[m[K At global scope:
[1.231s] [01m[K/home/tamar/RBE594_ws/src/Universal_Robots_ROS2_Driver/ur_controllers/src/scaled_joint_trajectory_controller.cpp:58:5:[m[K [01;31m[Kerror: [m[Kexpected unqualified-id before â€˜[01m[Kelse[m[Kâ€™
[1.231s]    58 |   } [01;31m[Kelse[m[K if (tolerance_violated_while_moving && !*rt_has_pending_goal_) {
[1.231s]       |     [01;31m[K^~~~[m[K
[1.231s] [01m[K/home/tamar/RBE594_ws/src/Universal_Robots_ROS2_Driver/ur_controllers/src/scaled_joint_trajectory_controller.cpp:66:5:[m[K [01;31m[Kerror: [m[Kexpected unqualified-id before â€˜[01m[Kelse[m[Kâ€™
[1.231s]    66 |   } [01;31m[Kelse[m[K if (!before_last_point && !within_goal_time && !*rt_has_pending_goal_) {
[1.231s]       |     [01;31m[K^~~~[m[K
[1.231s] [01m[K/home/tamar/RBE594_ws/src/Universal_Robots_ROS2_Driver/ur_controllers/src/scaled_joint_trajectory_controller.cpp:72:3:[m[K [01;31m[Kerror: [m[Kexpected unqualified-id before â€˜[01m[Kreturn[m[Kâ€™
[1.231s]    72 |   [01;31m[Kreturn[m[K controller_interface::return_type::OK;
[1.231s]       |   [01;31m[K^~~~~~[m[K
[1.231s] [01m[K/home/tamar/RBE594_ws/src/Universal_Robots_ROS2_Driver/ur_controllers/src/scaled_joint_trajectory_controller.cpp:73:1:[m[K [01;31m[Kerror: [m[Kexpected declaration before â€˜[01m[K}[m[Kâ€™ token
[1.231s]    73 | [01;31m[K}[m[K
[1.231s]       | [01;31m[K^[m[K
[1.231s] [01m[K/home/tamar/RBE594_ws/src/Universal_Robots_ROS2_Driver/ur_controllers/src/scaled_joint_trajectory_controller.cpp:74:1:[m[K [01;31m[Kerror: [m[Kexpected declaration before â€˜[01m[K}[m[Kâ€™ token
[1.231s]    74 | [01;31m[K}[m[K  // namespace ur_controllers
[1.231s]       | [01;31m[K^[m[K
[1.501s] cc1plus: some warnings being treated as errors
[1.509s] gmake[2]: *** [CMakeFiles/ur_controllers.dir/build.make:107: CMakeFiles/ur_controllers.dir/src/scaled_joint_trajectory_controller.cpp.o] Error 1
[1.509s] gmake[1]: *** [CMakeFiles/Makefile2:493: CMakeFiles/ur_controllers.dir/all] Error 2
[1.509s] gmake: *** [Makefile:146: all] Error 2
[1.511s] Invoked command in '/home/tamar/RBE594_ws/build/ur_controllers' returned '2': AMENT_PREFIX_PATH=/home/tamar/RBE594_ws/install/ur_msgs:/home/tamar/RBE594_ws/install/ur_dashboard_msgs:${AMENT_PREFIX_PATH} CMAKE_PREFIX_PATH=/home/tamar/RBE594_ws/install/ur_msgs:/home/tamar/RBE594_ws/install/ur_dashboard_msgs:/home/tamar/RBE594_ws/install/moveit_resources:/home/tamar/RBE594_ws/install/moveit_resources_pr2_description:/home/tamar/RBE594_ws/install/moveit_resources_panda_moveit_config:/home/tamar/RBE594_ws/install/moveit_resources_panda_description:/home/tamar/RBE594_ws/install/moveit_resources_fanuc_moveit_config:/home/tamar/RBE594_ws/install/moveit_resources_fanuc_description:/home/tamar/RBE594_ws/install/ur_description:/home/tamar/RBE594_ws/install/sirgas_description:/opt/ros/humble LD_LIBRARY_PATH=/home/tamar/RBE594_ws/install/ur_msgs/lib:/home/tamar/RBE594_ws/install/ur_dashboard_msgs/lib:/usr/lib/x86_64-linux-gnu/gazebo-11/plugins:/opt/ros/humble/opt/rviz_ogre_vendor/lib:/opt/ros/humble/lib/x86_64-linux-gnu:/opt/ros/humble/lib:/usr/share/gazebo/../../lib/x86_64-linux-gnu/gazebo-11/plugins:/usr/share/gazebo/../../lib/x86_64-linux-gnu/gazebo-11/plugins:/usr/share/gazebo/../../lib/x86_64-linux-gnu/gazebo-11/plugins PYTHONPATH=/home/tamar/RBE594_ws/install/ur_msgs/local/lib/python3.10/dist-packages:/home/tamar/RBE594_ws/install/ur_dashboard_msgs/local/lib/python3.10/dist-packages:${PYTHONPATH} /home/tamar/.local/bin/cmake --build /home/tamar/RBE594_ws/build/ur_controllers -- -j32 -l32
