[01m[K/home/tamar/RBE594_ws/src/Universal_Robots_ROS2_Driver/ur_controllers/src/scaled_joint_trajectory_controller.cpp:[m[K In member function â€˜[01m[Kvirtual controller_interface::return_type ur_controllers::ScaledJointTrajectoryController::update(const rclcpp::Time&, const rclcpp::Duration&)[m[Kâ€™:
[01m[K/home/tamar/RBE594_ws/src/Universal_Robots_ROS2_Driver/ur_controllers/src/scaled_joint_trajectory_controller.cpp:19:27:[m[K [01;31m[Kerror: [m[Kâ€˜[01m[Kexternal_command_[m[Kâ€™ was not declared in this scope
   19 |   auto new_external_msg = [01;31m[Kexternal_command_[m[K.readFromRT();
      |                           [01;31m[K^~~~~~~~~~~~~~~~~[m[K
[01m[K/home/tamar/RBE594_ws/src/Universal_Robots_ROS2_Driver/ur_controllers/src/scaled_joint_trajectory_controller.cpp:24:28:[m[K [01;31m[Kerror: [m[Kâ€˜[01m[K_external_msg[m[Kâ€™ was not declared in this scope
   24 |   if (*new_external_msg != [01;31m[K_external_msg[m[K && !*rt_active_goal_.readFromRT()) {
      |                            [01;31m[K^~~~~~~~~~~~~[m[K
[01m[K/home/tamar/RBE594_ws/src/Universal_Robots_ROS2_Driver/ur_controllers/src/scaled_joint_trajectory_controller.cpp:28:30:[m[K [01;31m[Kerror: [m[Kâ€˜[01m[Krt_current_goal_[m[Kâ€™ was not declared in this scope; did you mean â€˜[01m[Krt_current_goal[m[Kâ€™?
   28 |       auto rt_current_goal = [01;31m[Krt_current_goal_[m[K.readFromRT();
      |                              [01;31m[K^~~~~~~~~~~~~~~~[m[K
      |                              [32m[Krt_current_goal[m[K
[01m[K/home/tamar/RBE594_ws/src/Universal_Robots_ROS2_Driver/ur_controllers/src/scaled_joint_trajectory_controller.cpp:38:36:[m[K [01;31m[Kerror: [m[Kâ€˜[01m[Klast_command_time_[m[Kâ€™ was not declared in this scope; did you mean â€˜[01m[Klast_commanded_state_[m[Kâ€™?
   38 |   double time_difference = (time - [01;31m[Klast_command_time_[m[K).seconds();
      |                                    [01;31m[K^~~~~~~~~~~~~~~~~~[m[K
      |                                    [32m[Klast_commanded_state_[m[K
[01m[K/home/tamar/RBE594_ws/src/Universal_Robots_ROS2_Driver/ur_controllers/src/scaled_joint_trajectory_controller.cpp:51:36:[m[K [01;31m[Kerror: [m[Kno match for â€˜[01m[Koperator=[m[Kâ€™ (operand types are â€˜[01m[Krclcpp::Time[m[Kâ€™ and â€˜[01m[Kdouble[m[Kâ€™)
   51 |     time_data->time = time.seconds([01;31m[K)[m[K;
      |                                    [01;31m[K^[m[K
In file included from [01m[K/opt/ros/humble/include/rclcpp/rclcpp/clock.hpp:24[m[K,
                 from [01m[K/opt/ros/humble/include/rclcpp/rclcpp/timer.hpp:27[m[K,
                 from [01m[K/opt/ros/humble/include/rclcpp/rclcpp/callback_group.hpp:30[m[K,
                 from [01m[K/opt/ros/humble/include/rclcpp/rclcpp/any_executable.hpp:20[m[K,
                 from [01m[K/opt/ros/humble/include/rclcpp/rclcpp/memory_strategy.hpp:25[m[K,
                 from [01m[K/opt/ros/humble/include/rclcpp/rclcpp/memory_strategies.hpp:18[m[K,
                 from [01m[K/opt/ros/humble/include/rclcpp/rclcpp/executor_options.hpp:20[m[K,
                 from [01m[K/opt/ros/humble/include/rclcpp/rclcpp/executor.hpp:37[m[K,
                 from [01m[K/opt/ros/humble/include/rclcpp/rclcpp/executors/multi_threaded_executor.hpp:25[m[K,
                 from [01m[K/opt/ros/humble/include/rclcpp/rclcpp/executors.hpp:21[m[K,
                 from [01m[K/opt/ros/humble/include/rclcpp/rclcpp/rclcpp.hpp:155[m[K,
                 from [01m[K/opt/ros/humble/include/controller_interface/controller_interface_base.hpp:28[m[K,
                 from [01m[K/opt/ros/humble/include/controller_interface/controller_interface.hpp:22[m[K,
                 from [01m[K/opt/ros/humble/include/joint_trajectory_controller/joint_trajectory_controller/joint_trajectory_controller.hpp:28[m[K,
                 from [01m[K/home/tamar/RBE594_ws/src/Universal_Robots_ROS2_Driver/ur_controllers/include/ur_controllers/scaled_joint_trajectory_controller.hpp:43[m[K,
                 from [01m[K/home/tamar/RBE594_ws/src/Universal_Robots_ROS2_Driver/ur_controllers/src/scaled_joint_trajectory_controller.cpp:1[m[K:
[01m[K/opt/ros/humble/include/rclcpp/rclcpp/time.hpp:91:3:[m[K [01;36m[Knote: [m[Kcandidate: â€˜[01m[Krclcpp::Time& rclcpp::Time::operator=(const rclcpp::Time&)[m[Kâ€™
   91 |   [01;36m[Koperator[m[K=(const Time & rhs);
      |   [01;36m[K^~~~~~~~[m[K
[01m[K/opt/ros/humble/include/rclcpp/rclcpp/time.hpp:91:26:[m[K [01;36m[Knote: [m[K  no known conversion for argument 1 from â€˜[01m[Kdouble[m[Kâ€™ to â€˜[01m[Kconst rclcpp::Time&[m[Kâ€™
   91 |   operator=([01;36m[Kconst Time & rhs[m[K);
      |             [01;36m[K~~~~~~~~~~~~~^~~[m[K
[01m[K/opt/ros/humble/include/rclcpp/rclcpp/time.hpp:101:3:[m[K [01;36m[Knote: [m[Kcandidate: â€˜[01m[Krclcpp::Time& rclcpp::Time::operator=(const Time&)[m[Kâ€™
  101 |   [01;36m[Koperator[m[K=(const builtin_interfaces::msg::Time & time_msg);
      |   [01;36m[K^~~~~~~~[m[K
[01m[K/opt/ros/humble/include/rclcpp/rclcpp/time.hpp:101:51:[m[K [01;36m[Knote: [m[K  no known conversion for argument 1 from â€˜[01m[Kdouble[m[Kâ€™ to â€˜[01m[Kconst Time&[m[Kâ€™ {aka â€˜[01m[Kconst builtin_interfaces::msg::Time_<std::allocator<void> >&[m[Kâ€™}
  101 |   operator=([01;36m[Kconst builtin_interfaces::msg::Time & time_msg[m[K);
      |             [01;36m[K~~~~~~~~~~~~~~~~~~~~~~~~~~~~~~~~~~~~~~^~~~~~~~[m[K
[01m[K/home/tamar/RBE594_ws/src/Universal_Robots_ROS2_Driver/ur_controllers/src/scaled_joint_trajectory_controller.cpp:52:40:[m[K [01;31m[Kerror: [m[Kno match for â€˜[01m[Koperator=[m[Kâ€™ (operand types are â€˜[01m[Krclcpp::Duration[m[Kâ€™ and â€˜[01m[Kdouble[m[Kâ€™)
   52 |     time_data->period = period.seconds([01;31m[K)[m[K;
      |                                        [01;31m[K^[m[K
In file included from [01m[K/opt/ros/humble/include/rclcpp/rclcpp/qos.hpp:20[m[K,
                 from [01m[K/opt/ros/humble/include/rclcpp/rclcpp/node_interfaces/node_graph_interface.hpp:32[m[K,
                 from [01m[K/opt/ros/humble/include/rclcpp/rclcpp/client.hpp:42[m[K,
                 from [01m[K/opt/ros/humble/include/rclcpp/rclcpp/callback_group.hpp:24[m[K,
                 from [01m[K/opt/ros/humble/include/rclcpp/rclcpp/any_executable.hpp:20[m[K,
                 from [01m[K/opt/ros/humble/include/rclcpp/rclcpp/memory_strategy.hpp:25[m[K,
                 from [01m[K/opt/ros/humble/include/rclcpp/rclcpp/memory_strategies.hpp:18[m[K,
                 from [01m[K/opt/ros/humble/include/rclcpp/rclcpp/executor_options.hpp:20[m[K,
                 from [01m[K/opt/ros/humble/include/rclcpp/rclcpp/executor.hpp:37[m[K,
                 from [01m[K/opt/ros/humble/include/rclcpp/rclcpp/executors/multi_threaded_executor.hpp:25[m[K,
                 from [01m[K/opt/ros/humble/include/rclcpp/rclcpp/executors.hpp:21[m[K,
                 from [01m[K/opt/ros/humble/include/rclcpp/rclcpp/rclcpp.hpp:155[m[K,
                 from [01m[K/opt/ros/humble/include/controller_interface/controller_interface_base.hpp:28[m[K,
                 from [01m[K/opt/ros/humble/include/controller_interface/controller_interface.hpp:22[m[K,
                 from [01m[K/opt/ros/humble/include/joint_trajectory_controller/joint_trajectory_controller/joint_trajectory_controller.hpp:28[m[K,
                 from [01m[K/home/tamar/RBE594_ws/src/Universal_Robots_ROS2_Driver/ur_controllers/include/ur_controllers/scaled_joint_trajectory_controller.hpp:43[m[K,
                 from [01m[K/home/tamar/RBE594_ws/src/Universal_Robots_ROS2_Driver/ur_controllers/src/scaled_joint_trajectory_controller.cpp:1[m[K:
[01m[K/opt/ros/humble/include/rclcpp/rclcpp/duration.hpp:69:3:[m[K [01;36m[Knote: [m[Kcandidate: â€˜[01m[Krclcpp::Duration& rclcpp::Duration::operator=(const rclcpp::Duration&)[m[Kâ€™
   69 |   [01;36m[Koperator[m[K=(const Duration & rhs);
      |   [01;36m[K^~~~~~~~[m[K
[01m[K/opt/ros/humble/include/rclcpp/rclcpp/duration.hpp:69:30:[m[K [01;36m[Knote: [m[K  no known conversion for argument 1 from â€˜[01m[Kdouble[m[Kâ€™ to â€˜[01m[Kconst rclcpp::Duration&[m[Kâ€™
   69 |   operator=([01;36m[Kconst Duration & rhs[m[K);
      |             [01;36m[K~~~~~~~~~~~~~~~~~^~~[m[K
[01m[K/opt/ros/humble/include/rclcpp/rclcpp/duration.hpp:72:3:[m[K [01;36m[Knote: [m[Kcandidate: â€˜[01m[Krclcpp::Duration& rclcpp::Duration::operator=(const Duration&)[m[Kâ€™
   72 |   [01;36m[Koperator[m[K=(const builtin_interfaces::msg::Duration & duration_msg);
      |   [01;36m[K^~~~~~~~[m[K
[01m[K/opt/ros/humble/include/rclcpp/rclcpp/duration.hpp:72:55:[m[K [01;36m[Knote: [m[K  no known conversion for argument 1 from â€˜[01m[Kdouble[m[Kâ€™ to â€˜[01m[Kconst Duration&[m[Kâ€™ {aka â€˜[01m[Kconst builtin_interfaces::msg::Duration_<std::allocator<void> >&[m[Kâ€™}
   72 |   operator=([01;36m[Kconst builtin_interfaces::msg::Duration & duration_msg[m[K);
      |             [01;36m[K~~~~~~~~~~~~~~~~~~~~~~~~~~~~~~~~~~~~~~~~~~^~~~~~~~~~~~[m[K
[01m[K/home/tamar/RBE594_ws/src/Universal_Robots_ROS2_Driver/ur_controllers/src/scaled_joint_trajectory_controller.cpp:53:16:[m[K [01;31m[Kerror: [m[Kâ€˜[01m[Kstruct ur_controllers::ScaledJointTrajectoryController::TimeData[m[Kâ€™ has no member named â€˜[01m[Kremaining_time[m[Kâ€™
   53 |     time_data->[01;31m[Kremaining_time[m[K = (active_goal->trajectory.end_time() - time.seconds());
      |                [01;31m[K^~~~~~~~~~~~~~[m[K
[01m[K/home/tamar/RBE594_ws/src/Universal_Robots_ROS2_Driver/ur_controllers/src/scaled_joint_trajectory_controller.cpp:53:47:[m[K [01;31m[Kerror: [m[Kâ€˜[01m[Kclass std::shared_ptr<realtime_tools::RealtimeServerGoalHandle<control_msgs::action::FollowJointTrajectory> >[m[Kâ€™ has no member named â€˜[01m[Ktrajectory[m[Kâ€™
   53 |     time_data->remaining_time = (active_goal->[01;31m[Ktrajectory[m[K.end_time() - time.seconds());
      |                                               [01;31m[K^~~~~~~~~~[m[K
[01m[K/home/tamar/RBE594_ws/src/Universal_Robots_ROS2_Driver/ur_controllers/src/scaled_joint_trajectory_controller.cpp:56:20:[m[K [01;31m[Kerror: [m[Kâ€˜[01m[Kstruct ur_controllers::ScaledJointTrajectoryController::TimeData[m[Kâ€™ has no member named â€˜[01m[Kremaining_time[m[Kâ€™
   56 |     if (time_data->[01;31m[Kremaining_time[m[K < 0) {
      |                    [01;31m[K^~~~~~~~~~~~~~[m[K
[01m[K/home/tamar/RBE594_ws/src/Universal_Robots_ROS2_Driver/ur_controllers/src/scaled_joint_trajectory_controller.cpp:74:29:[m[K [01;31m[Kerror: [m[Kâ€˜[01m[Kfirst_sample_[m[Kâ€™ was not declared in this scope
   74 |   if ((before_last_point || [01;31m[Kfirst_sample_[m[K) && !*rt_is_holding_.readFromRT()) {
      |                             [01;31m[K^~~~~~~~~~~~~[m[K
gmake[2]: *** [CMakeFiles/ur_controllers.dir/build.make:107: CMakeFiles/ur_controllers.dir/src/scaled_joint_trajectory_controller.cpp.o] Error 1
gmake[1]: *** [CMakeFiles/Makefile2:493: CMakeFiles/ur_controllers.dir/all] Error 2
gmake: *** [Makefile:146: all] Error 2
