[0.015s] Invoking command in '/home/tamar/RBE594_ws/build/ur_controllers': AMENT_PREFIX_PATH=/home/tamar/RBE594_ws/install/ur_msgs:/home/tamar/RBE594_ws/install/ur_dashboard_msgs:${AMENT_PREFIX_PATH} CMAKE_PREFIX_PATH=/home/tamar/RBE594_ws/install/ur_msgs:/home/tamar/RBE594_ws/install/ur_dashboard_msgs:/home/tamar/RBE594_ws/install/moveit_resources:/home/tamar/RBE594_ws/install/moveit_resources_pr2_description:/home/tamar/RBE594_ws/install/moveit_resources_panda_moveit_config:/home/tamar/RBE594_ws/install/moveit_resources_panda_description:/home/tamar/RBE594_ws/install/moveit_resources_fanuc_moveit_config:/home/tamar/RBE594_ws/install/moveit_resources_fanuc_description:/home/tamar/RBE594_ws/install/ur_description:/home/tamar/RBE594_ws/install/sirgas_description:/opt/ros/humble LD_LIBRARY_PATH=/home/tamar/RBE594_ws/install/ur_msgs/lib:/home/tamar/RBE594_ws/install/ur_dashboard_msgs/lib:/usr/lib/x86_64-linux-gnu/gazebo-11/plugins:/opt/ros/humble/opt/rviz_ogre_vendor/lib:/opt/ros/humble/lib/x86_64-linux-gnu:/opt/ros/humble/lib:/usr/share/gazebo/../../lib/x86_64-linux-gnu/gazebo-11/plugins:/usr/share/gazebo/../../lib/x86_64-linux-gnu/gazebo-11/plugins:/usr/share/gazebo/../../lib/x86_64-linux-gnu/gazebo-11/plugins PYTHONPATH=/home/tamar/RBE594_ws/install/ur_msgs/local/lib/python3.10/dist-packages:/home/tamar/RBE594_ws/install/ur_dashboard_msgs/local/lib/python3.10/dist-packages:${PYTHONPATH} /home/tamar/.local/bin/cmake --build /home/tamar/RBE594_ws/build/ur_controllers -- -j32 -l32
[0.064s] [  5%] [0mBuilt target speed_scaling_state_broadcaster_parameters[0m
[0.064s] [ 17%] [0mBuilt target freedrive_mode_controller_parameters[0m
[0.064s] [ 17%] [0mBuilt target tool_contact_controller_parameters[0m
[0.064s] [ 23%] [0mBuilt target force_mode_controller_parameters[0m
[0.065s] [ 29%] [0mBuilt target gpio_controller_parameters[0m
[0.065s] [ 35%] [0mBuilt target scaled_joint_trajectory_controller_parameters[0m
[0.065s] [ 47%] [0mBuilt target passthrough_trajectory_controller_parameters[0m
[0.065s] [ 50%] [0mBuilt target gmock[0m
[0.065s] [ 55%] [0mBuilt target gmock_main[0m
[0.065s] [ 61%] [0mBuilt target ur_configuration_controller_parameters[0m
[0.091s] [ 64%] [32mBuilding CXX object CMakeFiles/ur_controllers.dir/src/scaled_joint_trajectory_controller.cpp.o[0m
[1.201s] [01m[K/home/tamar/RBE594_ws/src/Universal_Robots_ROS2_Driver/ur_controllers/src/scaled_joint_trajectory_controller.cpp:[m[K In member function â€˜[01m[Kvirtual controller_interface::return_type ur_controllers::ScaledJointTrajectoryController::update(const rclcpp::Time&, const rclcpp::Duration&)[m[Kâ€™:
[1.201s] [01m[K/home/tamar/RBE594_ws/src/Universal_Robots_ROS2_Driver/ur_controllers/src/scaled_joint_trajectory_controller.cpp:12:36:[m[K [01;31m[Kerror: [m[Kâ€˜[01m[Klast_command_time_[m[Kâ€™ was not declared in this scope; did you mean â€˜[01m[Klast_commanded_state_[m[Kâ€™?
[1.201s]    12 |   double time_difference = (time - [01;31m[Klast_command_time_[m[K).seconds();
[1.201s]       |                                    [01;31m[K^~~~~~~~~~~~~~~~~~[m[K
[1.201s]       |                                    [32m[Klast_commanded_state_[m[K
[1.205s] [01m[K/home/tamar/RBE594_ws/src/Universal_Robots_ROS2_Driver/ur_controllers/src/scaled_joint_trajectory_controller.cpp:16:27:[m[K [01;31m[Kerror: [m[Kâ€˜[01m[Kexternal_command_[m[Kâ€™ was not declared in this scope
[1.205s]    16 |   auto new_external_msg = [01;31m[Kexternal_command_[m[K.readFromRT();
[1.205s]       |                           [01;31m[K^~~~~~~~~~~~~~~~~[m[K
[1.210s] [01m[K/home/tamar/RBE594_ws/src/Universal_Robots_ROS2_Driver/ur_controllers/src/scaled_joint_trajectory_controller.cpp:20:28:[m[K [01;31m[Kerror: [m[Kâ€˜[01m[K_external_msg[m[Kâ€™ was not declared in this scope
[1.210s]    20 |   if (*new_external_msg != [01;31m[K_external_msg[m[K && !rt_active_goal_.readFromRT()) {
[1.210s]       |                            [01;31m[K^~~~~~~~~~~~~[m[K
[1.214s] [01m[K/home/tamar/RBE594_ws/src/Universal_Robots_ROS2_Driver/ur_controllers/src/scaled_joint_trajectory_controller.cpp:22:11:[m[K [01;31m[Kerror: [m[Kâ€˜[01m[Krt_current_goal_[m[Kâ€™ was not declared in this scope
[1.214s]    22 |       if ([01;31m[Krt_current_goal_[m[K.getRT()) {
[1.214s]       |           [01;31m[K^~~~~~~~~~~~~~~~[m[K
[1.217s] [01m[K/home/tamar/RBE594_ws/src/Universal_Robots_ROS2_Driver/ur_controllers/src/scaled_joint_trajectory_controller.cpp:35:36:[m[K [01;31m[Kerror: [m[Kno match for â€˜[01m[Koperator=[m[Kâ€™ (operand types are â€˜[01m[Krclcpp::Time[m[Kâ€™ and â€˜[01m[Kdouble[m[Kâ€™)
[1.217s]    35 |     time_data->time = time.seconds([01;31m[K)[m[K;
[1.217s]       |                                    [01;31m[K^[m[K
[1.217s] In file included from [01m[K/opt/ros/humble/include/rclcpp/rclcpp/clock.hpp:24[m[K,
[1.217s]                  from [01m[K/opt/ros/humble/include/rclcpp/rclcpp/timer.hpp:27[m[K,
[1.217s]                  from [01m[K/opt/ros/humble/include/rclcpp/rclcpp/callback_group.hpp:30[m[K,
[1.217s]                  from [01m[K/opt/ros/humble/include/rclcpp/rclcpp/any_executable.hpp:20[m[K,
[1.217s]                  from [01m[K/opt/ros/humble/include/rclcpp/rclcpp/memory_strategy.hpp:25[m[K,
[1.217s]                  from [01m[K/opt/ros/humble/include/rclcpp/rclcpp/memory_strategies.hpp:18[m[K,
[1.217s]                  from [01m[K/opt/ros/humble/include/rclcpp/rclcpp/executor_options.hpp:20[m[K,
[1.217s]                  from [01m[K/opt/ros/humble/include/rclcpp/rclcpp/executor.hpp:37[m[K,
[1.217s]                  from [01m[K/opt/ros/humble/include/rclcpp/rclcpp/executors/multi_threaded_executor.hpp:25[m[K,
[1.217s]                  from [01m[K/opt/ros/humble/include/rclcpp/rclcpp/executors.hpp:21[m[K,
[1.217s]                  from [01m[K/opt/ros/humble/include/rclcpp/rclcpp/rclcpp.hpp:155[m[K,
[1.217s]                  from [01m[K/opt/ros/humble/include/controller_interface/controller_interface_base.hpp:28[m[K,
[1.217s]                  from [01m[K/opt/ros/humble/include/controller_interface/controller_interface.hpp:22[m[K,
[1.217s]                  from [01m[K/opt/ros/humble/include/joint_trajectory_controller/joint_trajectory_controller/joint_trajectory_controller.hpp:28[m[K,
[1.217s]                  from [01m[K/home/tamar/RBE594_ws/src/Universal_Robots_ROS2_Driver/ur_controllers/include/ur_controllers/scaled_joint_trajectory_controller.hpp:43[m[K,
[1.217s]                  from [01m[K/home/tamar/RBE594_ws/src/Universal_Robots_ROS2_Driver/ur_controllers/src/scaled_joint_trajectory_controller.cpp:1[m[K:
[1.217s] [01m[K/opt/ros/humble/include/rclcpp/rclcpp/time.hpp:91:3:[m[K [01;36m[Knote: [m[Kcandidate: â€˜[01m[Krclcpp::Time& rclcpp::Time::operator=(const rclcpp::Time&)[m[Kâ€™
[1.217s]    91 |   [01;36m[Koperator[m[K=(const Time & rhs);
[1.217s]       |   [01;36m[K^~~~~~~~[m[K
[1.217s] [01m[K/opt/ros/humble/include/rclcpp/rclcpp/time.hpp:91:26:[m[K [01;36m[Knote: [m[K  no known conversion for argument 1 from â€˜[01m[Kdouble[m[Kâ€™ to â€˜[01m[Kconst rclcpp::Time&[m[Kâ€™
[1.217s]    91 |   operator=([01;36m[Kconst Time & rhs[m[K);
[1.217s]       |             [01;36m[K~~~~~~~~~~~~~^~~[m[K
[1.217s] [01m[K/opt/ros/humble/include/rclcpp/rclcpp/time.hpp:101:3:[m[K [01;36m[Knote: [m[Kcandidate: â€˜[01m[Krclcpp::Time& rclcpp::Time::operator=(const Time&)[m[Kâ€™
[1.217s]   101 |   [01;36m[Koperator[m[K=(const builtin_interfaces::msg::Time & time_msg);
[1.218s]       |   [01;36m[K^~~~~~~~[m[K
[1.218s] [01m[K/opt/ros/humble/include/rclcpp/rclcpp/time.hpp:101:51:[m[K [01;36m[Knote: [m[K  no known conversion for argument 1 from â€˜[01m[Kdouble[m[Kâ€™ to â€˜[01m[Kconst Time&[m[Kâ€™ {aka â€˜[01m[Kconst builtin_interfaces::msg::Time_<std::allocator<void> >&[m[Kâ€™}
[1.218s]   101 |   operator=([01;36m[Kconst builtin_interfaces::msg::Time & time_msg[m[K);
[1.218s]       |             [01;36m[K~~~~~~~~~~~~~~~~~~~~~~~~~~~~~~~~~~~~~~^~~~~~~~[m[K
[1.218s] [01m[K/home/tamar/RBE594_ws/src/Universal_Robots_ROS2_Driver/ur_controllers/src/scaled_joint_trajectory_controller.cpp:36:40:[m[K [01;31m[Kerror: [m[Kno match for â€˜[01m[Koperator=[m[Kâ€™ (operand types are â€˜[01m[Krclcpp::Duration[m[Kâ€™ and â€˜[01m[Kdouble[m[Kâ€™)
[1.218s]    36 |     time_data->period = period.seconds([01;31m[K)[m[K;
[1.218s]       |                                        [01;31m[K^[m[K
[1.218s] In file included from [01m[K/opt/ros/humble/include/rclcpp/rclcpp/qos.hpp:20[m[K,
[1.218s]                  from [01m[K/opt/ros/humble/include/rclcpp/rclcpp/node_interfaces/node_graph_interface.hpp:32[m[K,
[1.218s]                  from [01m[K/opt/ros/humble/include/rclcpp/rclcpp/client.hpp:42[m[K,
[1.218s]                  from [01m[K/opt/ros/humble/include/rclcpp/rclcpp/callback_group.hpp:24[m[K,
[1.218s]                  from [01m[K/opt/ros/humble/include/rclcpp/rclcpp/any_executable.hpp:20[m[K,
[1.218s]                  from [01m[K/opt/ros/humble/include/rclcpp/rclcpp/memory_strategy.hpp:25[m[K,
[1.218s]                  from [01m[K/opt/ros/humble/include/rclcpp/rclcpp/memory_strategies.hpp:18[m[K,
[1.218s]                  from [01m[K/opt/ros/humble/include/rclcpp/rclcpp/executor_options.hpp:20[m[K,
[1.218s]                  from [01m[K/opt/ros/humble/include/rclcpp/rclcpp/executor.hpp:37[m[K,
[1.218s]                  from [01m[K/opt/ros/humble/include/rclcpp/rclcpp/executors/multi_threaded_executor.hpp:25[m[K,
[1.218s]                  from [01m[K/opt/ros/humble/include/rclcpp/rclcpp/executors.hpp:21[m[K,
[1.218s]                  from [01m[K/opt/ros/humble/include/rclcpp/rclcpp/rclcpp.hpp:155[m[K,
[1.218s]                  from [01m[K/opt/ros/humble/include/controller_interface/controller_interface_base.hpp:28[m[K,
[1.218s]                  from [01m[K/opt/ros/humble/include/controller_interface/controller_interface.hpp:22[m[K,
[1.218s]                  from [01m[K/opt/ros/humble/include/joint_trajectory_controller/joint_trajectory_controller/joint_trajectory_controller.hpp:28[m[K,
[1.218s]                  from [01m[K/home/tamar/RBE594_ws/src/Universal_Robots_ROS2_Driver/ur_controllers/include/ur_controllers/scaled_joint_trajectory_controller.hpp:43[m[K,
[1.218s]                  from [01m[K/home/tamar/RBE594_ws/src/Universal_Robots_ROS2_Driver/ur_controllers/src/scaled_joint_trajectory_controller.cpp:1[m[K:
[1.218s] [01m[K/opt/ros/humble/include/rclcpp/rclcpp/duration.hpp:69:3:[m[K [01;36m[Knote: [m[Kcandidate: â€˜[01m[Krclcpp::Duration& rclcpp::Duration::operator=(const rclcpp::Duration&)[m[Kâ€™
[1.218s]    69 |   [01;36m[Koperator[m[K=(const Duration & rhs);
[1.218s]       |   [01;36m[K^~~~~~~~[m[K
[1.218s] [01m[K/opt/ros/humble/include/rclcpp/rclcpp/duration.hpp:69:30:[m[K [01;36m[Knote: [m[K  no known conversion for argument 1 from â€˜[01m[Kdouble[m[Kâ€™ to â€˜[01m[Kconst rclcpp::Duration&[m[Kâ€™
[1.218s]    69 |   operator=([01;36m[Kconst Duration & rhs[m[K);
[1.218s]       |             [01;36m[K~~~~~~~~~~~~~~~~~^~~[m[K
[1.218s] [01m[K/opt/ros/humble/include/rclcpp/rclcpp/duration.hpp:72:3:[m[K [01;36m[Knote: [m[Kcandidate: â€˜[01m[Krclcpp::Duration& rclcpp::Duration::operator=(const Duration&)[m[Kâ€™
[1.218s]    72 |   [01;36m[Koperator[m[K=(const builtin_interfaces::msg::Duration & duration_msg);
[1.218s]       |   [01;36m[K^~~~~~~~[m[K
[1.218s] [01m[K/opt/ros/humble/include/rclcpp/rclcpp/duration.hpp:72:55:[m[K [01;36m[Knote: [m[K  no known conversion for argument 1 from â€˜[01m[Kdouble[m[Kâ€™ to â€˜[01m[Kconst Duration&[m[Kâ€™ {aka â€˜[01m[Kconst builtin_interfaces::msg::Duration_<std::allocator<void> >&[m[Kâ€™}
[1.218s]    72 |   operator=([01;36m[Kconst builtin_interfaces::msg::Duration & duration_msg[m[K);
[1.218s]       |             [01;36m[K~~~~~~~~~~~~~~~~~~~~~~~~~~~~~~~~~~~~~~~~~~^~~~~~~~~~~~[m[K
[1.218s] [01m[K/home/tamar/RBE594_ws/src/Universal_Robots_ROS2_Driver/ur_controllers/src/scaled_joint_trajectory_controller.cpp:37:16:[m[K [01;31m[Kerror: [m[Kâ€˜[01m[Kstruct ur_controllers::ScaledJointTrajectoryController::TimeData[m[Kâ€™ has no member named â€˜[01m[Kremaining_time[m[Kâ€™
[1.218s]    37 |     time_data->[01;31m[Kremaining_time[m[K = (time_data->remaining_time - period.seconds());
[1.218s]       |                [01;31m[K^~~~~~~~~~~~~~[m[K
[1.218s] [01m[K/home/tamar/RBE594_ws/src/Universal_Robots_ROS2_Driver/ur_controllers/src/scaled_joint_trajectory_controller.cpp:37:45:[m[K [01;31m[Kerror: [m[Kâ€˜[01m[Kstruct ur_controllers::ScaledJointTrajectoryController::TimeData[m[Kâ€™ has no member named â€˜[01m[Kremaining_time[m[Kâ€™
[1.218s]    37 |     time_data->remaining_time = (time_data->[01;31m[Kremaining_time[m[K - period.seconds());
[1.218s]       |                                             [01;31m[K^~~~~~~~~~~~~~[m[K
[1.218s] [01m[K/home/tamar/RBE594_ws/src/Universal_Robots_ROS2_Driver/ur_controllers/src/scaled_joint_trajectory_controller.cpp:40:20:[m[K [01;31m[Kerror: [m[Kâ€˜[01m[Kstruct ur_controllers::ScaledJointTrajectoryController::TimeData[m[Kâ€™ has no member named â€˜[01m[Kremaining_time[m[Kâ€™
[1.218s]    40 |     if (time_data->[01;31m[Kremaining_time[m[K < 0) {
[1.218s]       |                    [01;31m[K^~~~~~~~~~~~~~[m[K
[1.221s] [01m[K/home/tamar/RBE594_ws/src/Universal_Robots_ROS2_Driver/ur_controllers/src/scaled_joint_trajectory_controller.cpp:53:29:[m[K [01;31m[Kerror: [m[Kâ€˜[01m[Kfirst_sample_[m[Kâ€™ was not declared in this scope
[1.221s]    53 |   if ((before_last_point || [01;31m[Kfirst_sample_[m[K) && !*rt_is_holding_.readFromRT()) {
[1.221s]       |                             [01;31m[K^~~~~~~~~~~~~[m[K
[1.502s] gmake[2]: *** [CMakeFiles/ur_controllers.dir/build.make:107: CMakeFiles/ur_controllers.dir/src/scaled_joint_trajectory_controller.cpp.o] Error 1
[1.502s] gmake[1]: *** [CMakeFiles/Makefile2:493: CMakeFiles/ur_controllers.dir/all] Error 2
[1.502s] gmake: *** [Makefile:146: all] Error 2
[1.503s] Invoked command in '/home/tamar/RBE594_ws/build/ur_controllers' returned '2': AMENT_PREFIX_PATH=/home/tamar/RBE594_ws/install/ur_msgs:/home/tamar/RBE594_ws/install/ur_dashboard_msgs:${AMENT_PREFIX_PATH} CMAKE_PREFIX_PATH=/home/tamar/RBE594_ws/install/ur_msgs:/home/tamar/RBE594_ws/install/ur_dashboard_msgs:/home/tamar/RBE594_ws/install/moveit_resources:/home/tamar/RBE594_ws/install/moveit_resources_pr2_description:/home/tamar/RBE594_ws/install/moveit_resources_panda_moveit_config:/home/tamar/RBE594_ws/install/moveit_resources_panda_description:/home/tamar/RBE594_ws/install/moveit_resources_fanuc_moveit_config:/home/tamar/RBE594_ws/install/moveit_resources_fanuc_description:/home/tamar/RBE594_ws/install/ur_description:/home/tamar/RBE594_ws/install/sirgas_description:/opt/ros/humble LD_LIBRARY_PATH=/home/tamar/RBE594_ws/install/ur_msgs/lib:/home/tamar/RBE594_ws/install/ur_dashboard_msgs/lib:/usr/lib/x86_64-linux-gnu/gazebo-11/plugins:/opt/ros/humble/opt/rviz_ogre_vendor/lib:/opt/ros/humble/lib/x86_64-linux-gnu:/opt/ros/humble/lib:/usr/share/gazebo/../../lib/x86_64-linux-gnu/gazebo-11/plugins:/usr/share/gazebo/../../lib/x86_64-linux-gnu/gazebo-11/plugins:/usr/share/gazebo/../../lib/x86_64-linux-gnu/gazebo-11/plugins PYTHONPATH=/home/tamar/RBE594_ws/install/ur_msgs/local/lib/python3.10/dist-packages:/home/tamar/RBE594_ws/install/ur_dashboard_msgs/local/lib/python3.10/dist-packages:${PYTHONPATH} /home/tamar/.local/bin/cmake --build /home/tamar/RBE594_ws/build/ur_controllers -- -j32 -l32
