[01m[K/home/tamar/RBE594_ws/src/Universal_Robots_ROS2_Driver/ur_controllers/src/scaled_joint_trajectory_controller.cpp:[m[K In member function â€˜[01m[Kvirtual controller_interface::return_type ur_controllers::ScaledJointTrajectoryController::update(const rclcpp::Time&, const rclcpp::Duration&)[m[Kâ€™:
[01m[K/home/tamar/RBE594_ws/src/Universal_Robots_ROS2_Driver/ur_controllers/src/scaled_joint_trajectory_controller.cpp:17:27:[m[K [01;31m[Kerror: [m[Kâ€˜[01m[Kexternal_command_[m[Kâ€™ was not declared in this scope
   17 |   auto new_external_msg = [01;31m[Kexternal_command_[m[K.readFromRT();
      |                           [01;31m[K^~~~~~~~~~~~~~~~~[m[K
[01m[K/home/tamar/RBE594_ws/src/Universal_Robots_ROS2_Driver/ur_controllers/src/scaled_joint_trajectory_controller.cpp:21:28:[m[K [01;31m[Kerror: [m[Kâ€˜[01m[K_external_msg[m[Kâ€™ was not declared in this scope
   21 |   if (*new_external_msg != [01;31m[K_external_msg[m[K && !*rt_active_goal_.readFromRT()) {
      |                            [01;31m[K^~~~~~~~~~~~~[m[K
[01m[K/home/tamar/RBE594_ws/src/Universal_Robots_ROS2_Driver/ur_controllers/src/scaled_joint_trajectory_controller.cpp:24:30:[m[K [01;31m[Kerror: [m[Kâ€˜[01m[Krt_current_goal_[m[Kâ€™ was not declared in this scope; did you mean â€˜[01m[Krt_current_goal[m[Kâ€™?
   24 |       auto rt_current_goal = [01;31m[Krt_current_goal_[m[K.readFromRT();
      |                              [01;31m[K^~~~~~~~~~~~~~~~[m[K
      |                              [32m[Krt_current_goal[m[K
[01m[K/home/tamar/RBE594_ws/src/Universal_Robots_ROS2_Driver/ur_controllers/src/scaled_joint_trajectory_controller.cpp:34:36:[m[K [01;31m[Kerror: [m[Kâ€˜[01m[Klast_command_time_[m[Kâ€™ was not declared in this scope; did you mean â€˜[01m[Klast_commanded_state_[m[Kâ€™?
   34 |   double time_difference = (time - [01;31m[Klast_command_time_[m[K).seconds();
      |                                    [01;31m[K^~~~~~~~~~~~~~~~~~[m[K
      |                                    [32m[Klast_commanded_state_[m[K
[01m[K/home/tamar/RBE594_ws/src/Universal_Robots_ROS2_Driver/ur_controllers/src/scaled_joint_trajectory_controller.cpp:10:8:[m[K [01;35m[Kwarning: [m[Kunused variable â€˜[01m[Kwithin_goal_time[m[Kâ€™ [[01;35m[K]8;;https://gcc.gnu.org/onlinedocs/gcc/Warning-Options.html#index-Wunused-variable-Wunused-variable]8;;[m[K]
   10 |   bool [01;35m[Kwithin_goal_time[m[K = true;
      |        [01;35m[K^~~~~~~~~~~~~~~~[m[K
gmake[2]: *** [CMakeFiles/ur_controllers.dir/build.make:107: CMakeFiles/ur_controllers.dir/src/scaled_joint_trajectory_controller.cpp.o] Error 1
gmake[1]: *** [CMakeFiles/Makefile2:493: CMakeFiles/ur_controllers.dir/all] Error 2
gmake: *** [Makefile:146: all] Error 2
