[0.011s] Invoking command in '/home/tamar/RBE594_ws/build/ur_controllers': AMENT_PREFIX_PATH=/home/tamar/RBE594_ws/install/ur_msgs:/home/tamar/RBE594_ws/install/ur_dashboard_msgs:${AMENT_PREFIX_PATH} CMAKE_PREFIX_PATH=/home/tamar/RBE594_ws/install/ur_msgs:/home/tamar/RBE594_ws/install/ur_dashboard_msgs:/home/tamar/RBE594_ws/install/moveit_resources:/home/tamar/RBE594_ws/install/moveit_resources_pr2_description:/home/tamar/RBE594_ws/install/moveit_resources_panda_moveit_config:/home/tamar/RBE594_ws/install/moveit_resources_panda_description:/home/tamar/RBE594_ws/install/moveit_resources_fanuc_moveit_config:/home/tamar/RBE594_ws/install/moveit_resources_fanuc_description:/home/tamar/RBE594_ws/install/ur_description:/home/tamar/RBE594_ws/install/sirgas_description:/opt/ros/humble LD_LIBRARY_PATH=/home/tamar/RBE594_ws/install/ur_msgs/lib:/home/tamar/RBE594_ws/install/ur_dashboard_msgs/lib:/usr/lib/x86_64-linux-gnu/gazebo-11/plugins:/opt/ros/humble/opt/rviz_ogre_vendor/lib:/opt/ros/humble/lib/x86_64-linux-gnu:/opt/ros/humble/lib:/usr/share/gazebo/../../lib/x86_64-linux-gnu/gazebo-11/plugins:/usr/share/gazebo/../../lib/x86_64-linux-gnu/gazebo-11/plugins:/usr/share/gazebo/../../lib/x86_64-linux-gnu/gazebo-11/plugins PYTHONPATH=/home/tamar/RBE594_ws/install/ur_msgs/local/lib/python3.10/dist-packages:/home/tamar/RBE594_ws/install/ur_dashboard_msgs/local/lib/python3.10/dist-packages:${PYTHONPATH} /home/tamar/.local/bin/cmake --build /home/tamar/RBE594_ws/build/ur_controllers -- -j32 -l32
[0.062s] [ 11%] [0mBuilt target force_mode_controller_parameters[0m
[0.062s] [ 11%] [0mBuilt target tool_contact_controller_parameters[0m
[0.062s] [ 17%] [0mBuilt target gpio_controller_parameters[0m
[0.062s] [ 23%] [0mBuilt target freedrive_mode_controller_parameters[0m
[0.062s] [ 29%] [0mBuilt target scaled_joint_trajectory_controller_parameters[0m
[0.063s] [ 35%] [0mBuilt target ur_configuration_controller_parameters[0m
[0.063s] [ 41%] [0mBuilt target passthrough_trajectory_controller_parameters[0m
[0.063s] [ 47%] [0mBuilt target speed_scaling_state_broadcaster_parameters[0m
[0.064s] [ 55%] [0mBuilt target gmock[0m
[0.064s] [ 61%] [0mBuilt target gmock_main[0m
[0.087s] [ 64%] [32mBuilding CXX object CMakeFiles/ur_controllers.dir/src/scaled_joint_trajectory_controller.cpp.o[0m
[1.193s] [01m[K/home/tamar/RBE594_ws/src/Universal_Robots_ROS2_Driver/ur_controllers/src/scaled_joint_trajectory_controller.cpp:[m[K In member function â€˜[01m[Kvirtual controller_interface::return_type ur_controllers::ScaledJointTrajectoryController::update(const rclcpp::Time&, const rclcpp::Duration&)[m[Kâ€™:
[1.193s] [01m[K/home/tamar/RBE594_ws/src/Universal_Robots_ROS2_Driver/ur_controllers/src/scaled_joint_trajectory_controller.cpp:17:27:[m[K [01;31m[Kerror: [m[Kâ€˜[01m[Kexternal_command_[m[Kâ€™ was not declared in this scope
[1.194s]    17 |   auto new_external_msg = [01;31m[Kexternal_command_[m[K.readFromRT();
[1.194s]       |                           [01;31m[K^~~~~~~~~~~~~~~~~[m[K
[1.198s] [01m[K/home/tamar/RBE594_ws/src/Universal_Robots_ROS2_Driver/ur_controllers/src/scaled_joint_trajectory_controller.cpp:21:28:[m[K [01;31m[Kerror: [m[Kâ€˜[01m[K_external_msg[m[Kâ€™ was not declared in this scope
[1.198s]    21 |   if (*new_external_msg != [01;31m[K_external_msg[m[K && !*rt_active_goal_.readFromRT()) {
[1.198s]       |                            [01;31m[K^~~~~~~~~~~~~[m[K
[1.204s] [01m[K/home/tamar/RBE594_ws/src/Universal_Robots_ROS2_Driver/ur_controllers/src/scaled_joint_trajectory_controller.cpp:24:30:[m[K [01;31m[Kerror: [m[Kâ€˜[01m[Krt_current_goal_[m[Kâ€™ was not declared in this scope; did you mean â€˜[01m[Krt_current_goal[m[Kâ€™?
[1.204s]    24 |       auto rt_current_goal = [01;31m[Krt_current_goal_[m[K.readFromRT();
[1.204s]       |                              [01;31m[K^~~~~~~~~~~~~~~~[m[K
[1.204s]       |                              [32m[Krt_current_goal[m[K
[1.208s] [01m[K/home/tamar/RBE594_ws/src/Universal_Robots_ROS2_Driver/ur_controllers/src/scaled_joint_trajectory_controller.cpp:34:36:[m[K [01;31m[Kerror: [m[Kâ€˜[01m[Klast_command_time_[m[Kâ€™ was not declared in this scope; did you mean â€˜[01m[Klast_commanded_state_[m[Kâ€™?
[1.208s]    34 |   double time_difference = (time - [01;31m[Klast_command_time_[m[K).seconds();
[1.208s]       |                                    [01;31m[K^~~~~~~~~~~~~~~~~~[m[K
[1.208s]       |                                    [32m[Klast_commanded_state_[m[K
[1.208s] [01m[K/home/tamar/RBE594_ws/src/Universal_Robots_ROS2_Driver/ur_controllers/src/scaled_joint_trajectory_controller.cpp:10:8:[m[K [01;35m[Kwarning: [m[Kunused variable â€˜[01m[Kwithin_goal_time[m[Kâ€™ [[01;35m[K]8;;https://gcc.gnu.org/onlinedocs/gcc/Warning-Options.html#index-Wunused-variable-Wunused-variable]8;;[m[K]
[1.208s]    10 |   bool [01;35m[Kwithin_goal_time[m[K = true;
[1.208s]       |        [01;35m[K^~~~~~~~~~~~~~~~[m[K
[1.485s] gmake[2]: *** [CMakeFiles/ur_controllers.dir/build.make:107: CMakeFiles/ur_controllers.dir/src/scaled_joint_trajectory_controller.cpp.o] Error 1
[1.485s] gmake[1]: *** [CMakeFiles/Makefile2:493: CMakeFiles/ur_controllers.dir/all] Error 2
[1.486s] gmake: *** [Makefile:146: all] Error 2
[1.487s] Invoked command in '/home/tamar/RBE594_ws/build/ur_controllers' returned '2': AMENT_PREFIX_PATH=/home/tamar/RBE594_ws/install/ur_msgs:/home/tamar/RBE594_ws/install/ur_dashboard_msgs:${AMENT_PREFIX_PATH} CMAKE_PREFIX_PATH=/home/tamar/RBE594_ws/install/ur_msgs:/home/tamar/RBE594_ws/install/ur_dashboard_msgs:/home/tamar/RBE594_ws/install/moveit_resources:/home/tamar/RBE594_ws/install/moveit_resources_pr2_description:/home/tamar/RBE594_ws/install/moveit_resources_panda_moveit_config:/home/tamar/RBE594_ws/install/moveit_resources_panda_description:/home/tamar/RBE594_ws/install/moveit_resources_fanuc_moveit_config:/home/tamar/RBE594_ws/install/moveit_resources_fanuc_description:/home/tamar/RBE594_ws/install/ur_description:/home/tamar/RBE594_ws/install/sirgas_description:/opt/ros/humble LD_LIBRARY_PATH=/home/tamar/RBE594_ws/install/ur_msgs/lib:/home/tamar/RBE594_ws/install/ur_dashboard_msgs/lib:/usr/lib/x86_64-linux-gnu/gazebo-11/plugins:/opt/ros/humble/opt/rviz_ogre_vendor/lib:/opt/ros/humble/lib/x86_64-linux-gnu:/opt/ros/humble/lib:/usr/share/gazebo/../../lib/x86_64-linux-gnu/gazebo-11/plugins:/usr/share/gazebo/../../lib/x86_64-linux-gnu/gazebo-11/plugins:/usr/share/gazebo/../../lib/x86_64-linux-gnu/gazebo-11/plugins PYTHONPATH=/home/tamar/RBE594_ws/install/ur_msgs/local/lib/python3.10/dist-packages:/home/tamar/RBE594_ws/install/ur_dashboard_msgs/local/lib/python3.10/dist-packages:${PYTHONPATH} /home/tamar/.local/bin/cmake --build /home/tamar/RBE594_ws/build/ur_controllers -- -j32 -l32
