[  5%] [0mBuilt target force_mode_controller_parameters[0m
[ 11%] [0mBuilt target tool_contact_controller_parameters[0m
[ 17%] [0mBuilt target gpio_controller_parameters[0m
[ 23%] [0mBuilt target speed_scaling_state_broadcaster_parameters[0m
[ 29%] [0mBuilt target scaled_joint_trajectory_controller_parameters[0m
[ 35%] [0mBuilt target passthrough_trajectory_controller_parameters[0m
[ 41%] [0mBuilt target freedrive_mode_controller_parameters[0m
[ 47%] [0mBuilt target ur_configuration_controller_parameters[0m
[ 55%] [0mBuilt target gmock[0m
[ 61%] [0mBuilt target gmock_main[0m
[ 64%] [32mBuilding CXX object CMakeFiles/ur_controllers.dir/src/scaled_joint_trajectory_controller.cpp.o[0m
[01m[K/home/tamar/RBE594_ws/src/Universal_Robots_ROS2_Driver/ur_controllers/src/scaled_joint_trajectory_controller.cpp:[m[K In member function â€˜[01m[Kvirtual controller_interface::return_type ur_controllers::ScaledJointTrajectoryController::update(const rclcpp::Time&, const rclcpp::Duration&)[m[Kâ€™:
[01m[K/home/tamar/RBE594_ws/src/Universal_Robots_ROS2_Driver/ur_controllers/src/scaled_joint_trajectory_controller.cpp:16:27:[m[K [01;31m[Kerror: [m[Kâ€˜[01m[Kexternal_command_[m[Kâ€™ was not declared in this scope
   16 |   auto new_external_msg = [01;31m[Kexternal_command_[m[K.readFromRT();
      |                           [01;31m[K^~~~~~~~~~~~~~~~~[m[K
[01m[K/home/tamar/RBE594_ws/src/Universal_Robots_ROS2_Driver/ur_controllers/src/scaled_joint_trajectory_controller.cpp:20:28:[m[K [01;31m[Kerror: [m[Kâ€˜[01m[K_external_msg[m[Kâ€™ was not declared in this scope
   20 |   if (*new_external_msg != [01;31m[K_external_msg[m[K && !*rt_active_goal_.readFromRT()) {
      |                            [01;31m[K^~~~~~~~~~~~~[m[K
[01m[K/home/tamar/RBE594_ws/src/Universal_Robots_ROS2_Driver/ur_controllers/src/scaled_joint_trajectory_controller.cpp:23:30:[m[K [01;31m[Kerror: [m[Kâ€˜[01m[Krt_current_goal_[m[Kâ€™ was not declared in this scope; did you mean â€˜[01m[Krt_current_goal[m[Kâ€™?
   23 |       auto rt_current_goal = [01;31m[Krt_current_goal_[m[K.readFromRT();
      |                              [01;31m[K^~~~~~~~~~~~~~~~[m[K
      |                              [32m[Krt_current_goal[m[K
[01m[K/home/tamar/RBE594_ws/src/Universal_Robots_ROS2_Driver/ur_controllers/src/scaled_joint_trajectory_controller.cpp:33:36:[m[K [01;31m[Kerror: [m[Kâ€˜[01m[Klast_command_time_[m[Kâ€™ was not declared in this scope; did you mean â€˜[01m[Klast_commanded_state_[m[Kâ€™?
   33 |   double time_difference = (time - [01;31m[Klast_command_time_[m[K).seconds();
      |                                    [01;31m[K^~~~~~~~~~~~~~~~~~[m[K
      |                                    [32m[Klast_commanded_state_[m[K
gmake[2]: *** [CMakeFiles/ur_controllers.dir/build.make:107: CMakeFiles/ur_controllers.dir/src/scaled_joint_trajectory_controller.cpp.o] Error 1
gmake[1]: *** [CMakeFiles/Makefile2:493: CMakeFiles/ur_controllers.dir/all] Error 2
gmake: *** [Makefile:146: all] Error 2
