[0.011s] Invoking command in '/home/tamar/RBE594_ws/build/ur_controllers': AMENT_PREFIX_PATH=/home/tamar/RBE594_ws/install/ur_msgs:/home/tamar/RBE594_ws/install/ur_dashboard_msgs:${AMENT_PREFIX_PATH} CMAKE_PREFIX_PATH=/home/tamar/RBE594_ws/install/ur_msgs:/home/tamar/RBE594_ws/install/ur_dashboard_msgs:/home/tamar/RBE594_ws/install/moveit_resources:/home/tamar/RBE594_ws/install/moveit_resources_pr2_description:/home/tamar/RBE594_ws/install/moveit_resources_panda_moveit_config:/home/tamar/RBE594_ws/install/moveit_resources_panda_description:/home/tamar/RBE594_ws/install/moveit_resources_fanuc_moveit_config:/home/tamar/RBE594_ws/install/moveit_resources_fanuc_description:/home/tamar/RBE594_ws/install/ur_description:/home/tamar/RBE594_ws/install/sirgas_description:/opt/ros/humble LD_LIBRARY_PATH=/home/tamar/RBE594_ws/install/ur_msgs/lib:/home/tamar/RBE594_ws/install/ur_dashboard_msgs/lib:/usr/lib/x86_64-linux-gnu/gazebo-11/plugins:/opt/ros/humble/opt/rviz_ogre_vendor/lib:/opt/ros/humble/lib/x86_64-linux-gnu:/opt/ros/humble/lib:/usr/share/gazebo/../../lib/x86_64-linux-gnu/gazebo-11/plugins:/usr/share/gazebo/../../lib/x86_64-linux-gnu/gazebo-11/plugins:/usr/share/gazebo/../../lib/x86_64-linux-gnu/gazebo-11/plugins PYTHONPATH=/home/tamar/RBE594_ws/install/ur_msgs/local/lib/python3.10/dist-packages:/home/tamar/RBE594_ws/install/ur_dashboard_msgs/local/lib/python3.10/dist-packages:${PYTHONPATH} /home/tamar/.local/bin/cmake --build /home/tamar/RBE594_ws/build/ur_controllers -- -j32 -l32
[0.059s] [  5%] [0mBuilt target force_mode_controller_parameters[0m
[0.060s] [ 11%] [0mBuilt target tool_contact_controller_parameters[0m
[0.060s] [ 17%] [0mBuilt target gpio_controller_parameters[0m
[0.060s] [ 23%] [0mBuilt target speed_scaling_state_broadcaster_parameters[0m
[0.060s] [ 29%] [0mBuilt target scaled_joint_trajectory_controller_parameters[0m
[0.061s] [ 35%] [0mBuilt target passthrough_trajectory_controller_parameters[0m
[0.061s] [ 41%] [0mBuilt target freedrive_mode_controller_parameters[0m
[0.061s] [ 47%] [0mBuilt target ur_configuration_controller_parameters[0m
[0.061s] [ 55%] [0mBuilt target gmock[0m
[0.062s] [ 61%] [0mBuilt target gmock_main[0m
[0.084s] [ 64%] [32mBuilding CXX object CMakeFiles/ur_controllers.dir/src/scaled_joint_trajectory_controller.cpp.o[0m
[1.209s] [01m[K/home/tamar/RBE594_ws/src/Universal_Robots_ROS2_Driver/ur_controllers/src/scaled_joint_trajectory_controller.cpp:[m[K In member function â€˜[01m[Kvirtual controller_interface::return_type ur_controllers::ScaledJointTrajectoryController::update(const rclcpp::Time&, const rclcpp::Duration&)[m[Kâ€™:
[1.209s] [01m[K/home/tamar/RBE594_ws/src/Universal_Robots_ROS2_Driver/ur_controllers/src/scaled_joint_trajectory_controller.cpp:16:27:[m[K [01;31m[Kerror: [m[Kâ€˜[01m[Kexternal_command_[m[Kâ€™ was not declared in this scope
[1.209s]    16 |   auto new_external_msg = [01;31m[Kexternal_command_[m[K.readFromRT();
[1.209s]       |                           [01;31m[K^~~~~~~~~~~~~~~~~[m[K
[1.214s] [01m[K/home/tamar/RBE594_ws/src/Universal_Robots_ROS2_Driver/ur_controllers/src/scaled_joint_trajectory_controller.cpp:20:28:[m[K [01;31m[Kerror: [m[Kâ€˜[01m[K_external_msg[m[Kâ€™ was not declared in this scope
[1.214s]    20 |   if (*new_external_msg != [01;31m[K_external_msg[m[K && !*rt_active_goal_.readFromRT()) {
[1.214s]       |                            [01;31m[K^~~~~~~~~~~~~[m[K
[1.220s] [01m[K/home/tamar/RBE594_ws/src/Universal_Robots_ROS2_Driver/ur_controllers/src/scaled_joint_trajectory_controller.cpp:23:30:[m[K [01;31m[Kerror: [m[Kâ€˜[01m[Krt_current_goal_[m[Kâ€™ was not declared in this scope; did you mean â€˜[01m[Krt_current_goal[m[Kâ€™?
[1.220s]    23 |       auto rt_current_goal = [01;31m[Krt_current_goal_[m[K.readFromRT();
[1.220s]       |                              [01;31m[K^~~~~~~~~~~~~~~~[m[K
[1.220s]       |                              [32m[Krt_current_goal[m[K
[1.224s] [01m[K/home/tamar/RBE594_ws/src/Universal_Robots_ROS2_Driver/ur_controllers/src/scaled_joint_trajectory_controller.cpp:33:36:[m[K [01;31m[Kerror: [m[Kâ€˜[01m[Klast_command_time_[m[Kâ€™ was not declared in this scope; did you mean â€˜[01m[Klast_commanded_state_[m[Kâ€™?
[1.224s]    33 |   double time_difference = (time - [01;31m[Klast_command_time_[m[K).seconds();
[1.224s]       |                                    [01;31m[K^~~~~~~~~~~~~~~~~~[m[K
[1.224s]       |                                    [32m[Klast_commanded_state_[m[K
[1.509s] gmake[2]: *** [CMakeFiles/ur_controllers.dir/build.make:107: CMakeFiles/ur_controllers.dir/src/scaled_joint_trajectory_controller.cpp.o] Error 1
[1.509s] gmake[1]: *** [CMakeFiles/Makefile2:493: CMakeFiles/ur_controllers.dir/all] Error 2
[1.509s] gmake: *** [Makefile:146: all] Error 2
[1.511s] Invoked command in '/home/tamar/RBE594_ws/build/ur_controllers' returned '2': AMENT_PREFIX_PATH=/home/tamar/RBE594_ws/install/ur_msgs:/home/tamar/RBE594_ws/install/ur_dashboard_msgs:${AMENT_PREFIX_PATH} CMAKE_PREFIX_PATH=/home/tamar/RBE594_ws/install/ur_msgs:/home/tamar/RBE594_ws/install/ur_dashboard_msgs:/home/tamar/RBE594_ws/install/moveit_resources:/home/tamar/RBE594_ws/install/moveit_resources_pr2_description:/home/tamar/RBE594_ws/install/moveit_resources_panda_moveit_config:/home/tamar/RBE594_ws/install/moveit_resources_panda_description:/home/tamar/RBE594_ws/install/moveit_resources_fanuc_moveit_config:/home/tamar/RBE594_ws/install/moveit_resources_fanuc_description:/home/tamar/RBE594_ws/install/ur_description:/home/tamar/RBE594_ws/install/sirgas_description:/opt/ros/humble LD_LIBRARY_PATH=/home/tamar/RBE594_ws/install/ur_msgs/lib:/home/tamar/RBE594_ws/install/ur_dashboard_msgs/lib:/usr/lib/x86_64-linux-gnu/gazebo-11/plugins:/opt/ros/humble/opt/rviz_ogre_vendor/lib:/opt/ros/humble/lib/x86_64-linux-gnu:/opt/ros/humble/lib:/usr/share/gazebo/../../lib/x86_64-linux-gnu/gazebo-11/plugins:/usr/share/gazebo/../../lib/x86_64-linux-gnu/gazebo-11/plugins:/usr/share/gazebo/../../lib/x86_64-linux-gnu/gazebo-11/plugins PYTHONPATH=/home/tamar/RBE594_ws/install/ur_msgs/local/lib/python3.10/dist-packages:/home/tamar/RBE594_ws/install/ur_dashboard_msgs/local/lib/python3.10/dist-packages:${PYTHONPATH} /home/tamar/.local/bin/cmake --build /home/tamar/RBE594_ws/build/ur_controllers -- -j32 -l32
